99.11.03 18:02 B D:\subjektiv!\spacie\8-99 next try\Pics\b.gif --> www.online.de /spacie/8-99 next try/Pics b.gif
99.11.03 18:02 B D:\subjektiv!\spacie\8-99 next try\Pics\bmini.gif --> www.online.de /spacie/8-99 next try/Pics bmini.gif
99.11.03 18:02 B D:\subjektiv!\spacie\8-99 next try\Pics\Down.gif --> www.online.de /spacie/8-99 next try/Pics Down.gif
99.11.03 18:02 B D:\subjektiv!\spacie\8-99 next try\Pics\e.gif --> www.online.de /spacie/8-99 next try/Pics e.gif
99.11.03 18:02 B D:\subjektiv!\spacie\8-99 next try\Pics\emini.gif --> www.online.de /spacie/8-99 next try/Pics emini.gif
99.11.03 18:02 B D:\subjektiv!\spacie\8-99 next try\Pics\Home.gif --> www.online.de /spacie/8-99 next try/Pics Home.gif
99.11.03 18:02 B D:\subjektiv!\spacie\8-99 next try\Pics\i.gif --> www.online.de /spacie/8-99 next try/Pics i.gif
99.11.03 18:02 B D:\subjektiv!\spacie\8-99 next try\Pics\imini.gif --> www.online.de /spacie/8-99 next try/Pics imini.gif
99.11.03 18:02 B D:\subjektiv!\spacie\8-99 next try\Pics\j.gif --> www.online.de /spacie/8-99 next try/Pics j.gif
99.11.03 18:02 B D:\subjektiv!\spacie\8-99 next try\Pics\jmini.gif --> www.online.de /spacie/8-99 next try/Pics jmini.gif
99.11.03 18:02 B D:\subjektiv!\spacie\8-99 next try\Pics\JochenPic.gif --> www.online.de /spacie/8-99 next try/Pics JochenPic.gif
99.11.03 18:02 B D:\subjektiv!\spacie\8-99 next try\Pics\k.gif --> www.online.de /spacie/8-99 next try/Pics k.gif
99.11.03 18:02 B D:\subjektiv!\spacie\8-99 next try\Pics\kmini.gif --> www.online.de /spacie/8-99 next try/Pics kmini.gif
99.11.03 18:02 B D:\subjektiv!\spacie\8-99 next try\Pics\Kontakt.gif --> www.online.de /spacie/8-99 next try/Pics Kontakt.gif
99.11.03 18:02 B D:\subjektiv!\spacie\8-99 next try\Pics\Kontaktlumi.gif --> www.online.de /spacie/8-99 next try/Pics Kontaktlumi.gif
99.11.03 18:02 B D:\subjektiv!\spacie\8-99 next try\Pics\Kontaktrot.gif --> www.online.de /spacie/8-99 next try/Pics Kontaktrot.gif
99.11.03 18:02 B D:\subjektiv!\spacie\8-99 next try\Pics\MartinPic.gif --> www.online.de /spacie/8-99 next try/Pics MartinPic.gif
99.11.03 18:02 B D:\subjektiv!\spacie\8-99 next try\Pics\MoPic.gif --> www.online.de /spacie/8-99 next try/Pics MoPic.gif
99.11.03 18:02 B D:\subjektiv!\spacie\8-99 next try\Pics\s.gif --> www.online.de /spacie/8-99 next try/Pics s.gif
99.11.03 18:02 B D:\subjektiv!\spacie\8-99 next try\Pics\sfress.gif --> www.online.de /spacie/8-99 next try/Pics sfress.gif
99.11.03 18:02 B D:\subjektiv!\spacie\8-99 next try\Pics\smini.gif --> www.online.de /spacie/8-99 next try/Pics smini.gif
99.11.03 18:02 B D:\subjektiv!\spacie\8-99 next try\Pics\subj1.gif --> www.online.de /spacie/8-99 next try/Pics subj1.gif
99.11.03 18:02 B D:\subjektiv!\spacie\8-99 next try\Pics\subj2.gif --> www.online.de /spacie/8-99 next try/Pics subj2.gif
99.11.03 18:02 B D:\subjektiv!\spacie\8-99 next try\Pics\subj3.gif --> www.online.de /spacie/8-99 next try/Pics subj3.gif
99.11.03 18:02 B D:\subjektiv!\spacie\8-99 next try\Pics\subj4.gif --> www.online.de /spacie/8-99 next try/Pics subj4.gif
99.11.03 18:02 B D:\subjektiv!\spacie\8-99 next try\Pics\subj5.gif --> www.online.de /spacie/8-99 next try/Pics subj5.gif
99.11.03 18:02 B D:\subjektiv!\spacie\8-99 next try\Pics\subjtit1.gif --> www.online.de /spacie/8-99 next try/Pics subjtit1.gif
99.11.03 18:02 B D:\subjektiv!\spacie\8-99 next try\Pics\szoom.gif --> www.online.de /spacie/8-99 next try/Pics szoom.gif
99.11.03 18:03 B D:\subjektiv!\spacie\8-99 next try\Pics\t.gif --> www.online.de /spacie/8-99 next try/Pics t.gif
99.11.03 18:03 B D:\subjektiv!\spacie\8-99 next try\Pics\tmini.gif --> www.online.de /spacie/8-99 next try/Pics tmini.gif
99.11.03 18:03 B D:\subjektiv!\spacie\8-99 next try\Pics\u.gif --> www.online.de /spacie/8-99 next try/Pics u.gif
99.11.03 18:03 B D:\subjektiv!\spacie\8-99 next try\Pics\umini.gif --> www.online.de /spacie/8-99 next try/Pics umini.gif
99.11.03 18:03 B D:\subjektiv!\spacie\8-99 next try\Pics\v.gif --> www.online.de /spacie/8-99 next try/Pics v.gif
99.11.03 18:03 B D:\subjektiv!\spacie\8-99 next try\Pics\vmini.gif --> www.online.de /spacie/8-99 next try/Pics vmini.gif
99.11.03 18:03 B D:\subjektiv!\spacie\8-99 next try\Pics\wassis.gif --> www.online.de /spacie/8-99 next try/Pics wassis.gif
99.11.03 18:03 B D:\subjektiv!\spacie\8-99 next try\Pics\Wassis.jpg --> www.online.de /spacie/8-99 next try/Pics Wassis.jpg
99.11.03 18:03 B D:\subjektiv!\spacie\8-99 next try\Pics\zuruck.gif --> www.online.de /spacie/8-99 next try/Pics zuruck.gif
99.11.03 18:03 B D:\subjektiv!\spacie\8-99 next try\Pics\zurucklumi.gif --> www.online.de /spacie/8-99 next try/Pics zurucklumi.gif
99.11.03 18:44 B D:\subjektiv!\spacie\8-99 next try\Pics\b.gif --> www.subjektiv-news.de /spacie/8-99 next try/Pics b.gif
99.11.03 18:44 B D:\subjektiv!\spacie\8-99 next try\Pics\bmini.gif --> www.subjektiv-news.de /spacie/8-99 next try/Pics bmini.gif
99.11.03 18:44 B D:\subjektiv!\spacie\8-99 next try\Pics\Down.gif --> www.subjektiv-news.de /spacie/8-99 next try/Pics Down.gif
99.11.03 18:44 B D:\subjektiv!\spacie\8-99 next try\Pics\e.gif --> www.subjektiv-news.de /spacie/8-99 next try/Pics e.gif
99.11.03 18:45 B D:\subjektiv!\spacie\8-99 next try\Pics\emini.gif --> www.subjektiv-news.de /spacie/8-99 next try/Pics emini.gif
99.11.03 18:45 B D:\subjektiv!\spacie\8-99 next try\Pics\Home.gif --> www.subjektiv-news.de /spacie/8-99 next try/Pics Home.gif
99.11.03 18:45 B D:\subjektiv!\spacie\8-99 next try\Pics\i.gif --> www.subjektiv-news.de /spacie/8-99 next try/Pics i.gif
99.11.03 18:45 B D:\subjektiv!\spacie\8-99 next try\Pics\imini.gif --> www.subjektiv-news.de /spacie/8-99 next try/Pics imini.gif
99.11.03 18:45 B D:\subjektiv!\spacie\8-99 next try\Pics\j.gif --> www.subjektiv-news.de /spacie/8-99 next try/Pics j.gif
99.11.03 18:45 B D:\subjektiv!\spacie\8-99 next try\Pics\jmini.gif --> www.subjektiv-news.de /spacie/8-99 next try/Pics jmini.gif
99.11.03 18:45 B D:\subjektiv!\spacie\8-99 next try\Pics\JochenPic.gif --> www.subjektiv-news.de /spacie/8-99 next try/Pics JochenPic.gif
99.11.03 18:45 B D:\subjektiv!\spacie\8-99 next try\Pics\k.gif --> www.subjektiv-news.de /spacie/8-99 next try/Pics k.gif
99.11.03 18:45 B D:\subjektiv!\spacie\8-99 next try\Pics\kmini.gif --> www.subjektiv-news.de /spacie/8-99 next try/Pics kmini.gif
99.11.03 18:45 B D:\subjektiv!\spacie\8-99 next try\Pics\Kontakt.gif --> www.subjektiv-news.de /spacie/8-99 next try/Pics Kontakt.gif
99.11.03 18:45 B D:\subjektiv!\spacie\8-99 next try\Pics\Kontaktlumi.gif --> www.subjektiv-news.de /spacie/8-99 next try/Pics Kontaktlumi.gif
99.11.03 18:45 B D:\subjektiv!\spacie\8-99 next try\Pics\Kontaktrot.gif --> www.subjektiv-news.de /spacie/8-99 next try/Pics Kontaktrot.gif
99.11.03 18:45 B D:\subjektiv!\spacie\8-99 next try\Pics\MartinPic.gif --> www.subjektiv-news.de /spacie/8-99 next try/Pics MartinPic.gif
99.11.03 18:45 B D:\subjektiv!\spacie\8-99 next try\Pics\MoPic.gif --> www.subjektiv-news.de /spacie/8-99 next try/Pics MoPic.gif
99.11.03 18:45 B D:\subjektiv!\spacie\8-99 next try\Pics\s.gif --> www.subjektiv-news.de /spacie/8-99 next try/Pics s.gif
99.11.03 18:45 B D:\subjektiv!\spacie\8-99 next try\Pics\sfress.gif --> www.subjektiv-news.de /spacie/8-99 next try/Pics sfress.gif
99.11.03 18:45 B D:\subjektiv!\spacie\8-99 next try\Pics\smini.gif --> www.subjektiv-news.de /spacie/8-99 next try/Pics smini.gif
99.11.03 18:45 B D:\subjektiv!\spacie\8-99 next try\Pics\subj1.gif --> www.subjektiv-news.de /spacie/8-99 next try/Pics subj1.gif
99.11.03 18:45 B D:\subjektiv!\spacie\8-99 next try\Pics\subj2.gif --> www.subjektiv-news.de /spacie/8-99 next try/Pics subj2.gif
99.11.03 18:45 B D:\subjektiv!\spacie\8-99 next try\Pics\subj3.gif --> www.subjektiv-news.de /spacie/8-99 next try/Pics subj3.gif
99.11.03 18:45 B D:\subjektiv!\spacie\8-99 next try\Pics\subj4.gif --> www.subjektiv-news.de /spacie/8-99 next try/Pics subj4.gif
99.11.03 18:46 B D:\subjektiv!\spacie\8-99 next try\Pics\subj5.gif --> www.subjektiv-news.de /spacie/8-99 next try/Pics subj5.gif
99.11.03 18:46 B D:\subjektiv!\spacie\8-99 next try\Pics\subjtit1.gif --> www.subjektiv-news.de /spacie/8-99 next try/Pics subjtit1.gif
99.11.03 18:46 B D:\subjektiv!\spacie\8-99 next try\Pics\szoom.gif --> www.subjektiv-news.de /spacie/8-99 next try/Pics szoom.gif
99.11.03 18:46 B D:\subjektiv!\spacie\8-99 next try\Pics\t.gif --> www.subjektiv-news.de /spacie/8-99 next try/Pics t.gif
99.11.03 18:46 B D:\subjektiv!\spacie\8-99 next try\Pics\tmini.gif --> www.subjektiv-news.de /spacie/8-99 next try/Pics tmini.gif
99.11.03 18:46 B D:\subjektiv!\spacie\8-99 next try\Pics\u.gif --> www.subjektiv-news.de /spacie/8-99 next try/Pics u.gif
99.11.03 18:46 B D:\subjektiv!\spacie\8-99 next try\Pics\umini.gif --> www.subjektiv-news.de /spacie/8-99 next try/Pics umini.gif
99.11.03 18:46 B D:\subjektiv!\spacie\8-99 next try\Pics\v.gif --> www.subjektiv-news.de /spacie/8-99 next try/Pics v.gif
99.11.03 18:46 B D:\subjektiv!\spacie\8-99 next try\Pics\vmini.gif --> www.subjektiv-news.de /spacie/8-99 next try/Pics vmini.gif
99.11.03 18:46 B D:\subjektiv!\spacie\8-99 next try\Pics\wassis.gif --> www.subjektiv-news.de /spacie/8-99 next try/Pics wassis.gif
99.11.03 18:46 B D:\subjektiv!\spacie\8-99 next try\Pics\Wassis.jpg --> www.subjektiv-news.de /spacie/8-99 next try/Pics Wassis.jpg
99.11.03 18:46 B D:\subjektiv!\spacie\8-99 next try\Pics\WS_FTP.LOG --> www.subjektiv-news.de /spacie/8-99 next try/Pics WS_FTP.LOG
99.11.03 18:46 B D:\subjektiv!\spacie\8-99 next try\Pics\zuruck.gif --> www.subjektiv-news.de /spacie/8-99 next try/Pics zuruck.gif
99.11.03 18:46 B D:\subjektiv!\spacie\8-99 next try\Pics\zurucklumi.gif --> www.subjektiv-news.de /spacie/8-99 next try/Pics zurucklumi.gif
99.12.04 17:58 B d:\subjektiv!\HP-subjektiv\online\ever\spacie\8-99 next try\Pics\b.gif --> www.subjektiv-news.de /online/ever/spacie/8-99 next try/Pics b.gif
99.12.04 17:58 B d:\subjektiv!\HP-subjektiv\online\ever\spacie\8-99 next try\Pics\bmini.gif --> www.subjektiv-news.de /online/ever/spacie/8-99 next try/Pics bmini.gif
99.12.04 17:59 B d:\subjektiv!\HP-subjektiv\online\ever\spacie\8-99 next try\Pics\Down.gif --> www.subjektiv-news.de /online/ever/spacie/8-99 next try/Pics Down.gif
99.12.04 17:59 B d:\subjektiv!\HP-subjektiv\online\ever\spacie\8-99 next try\Pics\e.gif --> www.subjektiv-news.de /online/ever/spacie/8-99 next try/Pics e.gif
99.12.04 17:59 B d:\subjektiv!\HP-subjektiv\online\ever\spacie\8-99 next try\Pics\emini.gif --> www.subjektiv-news.de /online/ever/spacie/8-99 next try/Pics emini.gif
99.12.04 17:59 B d:\subjektiv!\HP-subjektiv\online\ever\spacie\8-99 next try\Pics\Home.gif --> www.subjektiv-news.de /online/ever/spacie/8-99 next try/Pics Home.gif
99.12.04 17:59 B d:\subjektiv!\HP-subjektiv\online\ever\spacie\8-99 next try\Pics\i.gif --> www.subjektiv-news.de /online/ever/spacie/8-99 next try/Pics i.gif
99.12.04 17:59 B d:\subjektiv!\HP-subjektiv\online\ever\spacie\8-99 next try\Pics\imini.gif --> www.subjektiv-news.de /online/ever/spacie/8-99 next try/Pics imini.gif
99.12.04 17:59 B d:\subjektiv!\HP-subjektiv\online\ever\spacie\8-99 next try\Pics\j.gif --> www.subjektiv-news.de /online/ever/spacie/8-99 next try/Pics j.gif
99.12.04 17:59 B d:\subjektiv!\HP-subjektiv\online\ever\spacie\8-99 next try\Pics\jmini.gif --> www.subjektiv-news.de /online/ever/spacie/8-99 next try/Pics jmini.gif
99.12.04 17:59 B d:\subjektiv!\HP-subjektiv\online\ever\spacie\8-99 next try\Pics\JochenPic.gif --> www.subjektiv-news.de /online/ever/spacie/8-99 next try/Pics JochenPic.gif
99.12.04 17:59 B d:\subjektiv!\HP-subjektiv\online\ever\spacie\8-99 next try\Pics\k.gif --> www.subjektiv-news.de /online/ever/spacie/8-99 next try/Pics k.gif
99.12.04 17:59 B d:\subjektiv!\HP-subjektiv\online\ever\spacie\8-99 next try\Pics\kmini.gif --> www.subjektiv-news.de /online/ever/spacie/8-99 next try/Pics kmini.gif
99.12.04 17:59 B d:\subjektiv!\HP-subjektiv\online\ever\spacie\8-99 next try\Pics\Kontakt.gif --> www.subjektiv-news.de /online/ever/spacie/8-99 next try/Pics Kontakt.gif
99.12.04 17:59 B d:\subjektiv!\HP-subjektiv\online\ever\spacie\8-99 next try\Pics\Kontaktlumi.gif --> www.subjektiv-news.de /online/ever/spacie/8-99 next try/Pics Kontaktlumi.gif
99.12.04 17:59 B d:\subjektiv!\HP-subjektiv\online\ever\spacie\8-99 next try\Pics\Kontaktrot.gif --> www.subjektiv-news.de /online/ever/spacie/8-99 next try/Pics Kontaktrot.gif
99.12.04 17:59 B d:\subjektiv!\HP-subjektiv\online\ever\spacie\8-99 next try\Pics\MartinPic.gif --> www.subjektiv-news.de /online/ever/spacie/8-99 next try/Pics MartinPic.gif
99.12.04 17:59 B d:\subjektiv!\HP-subjektiv\online\ever\spacie\8-99 next try\Pics\MoPic.gif --> www.subjektiv-news.de /online/ever/spacie/8-99 next try/Pics MoPic.gif
99.12.04 17:59 B d:\subjektiv!\HP-subjektiv\online\ever\spacie\8-99 next try\Pics\s.gif --> www.subjektiv-news.de /online/ever/spacie/8-99 next try/Pics s.gif
99.12.04 17:59 B d:\subjektiv!\HP-subjektiv\online\ever\spacie\8-99 next try\Pics\sfress.gif --> www.subjektiv-news.de /online/ever/spacie/8-99 next try/Pics sfress.gif
99.12.04 17:59 B d:\subjektiv!\HP-subjektiv\online\ever\spacie\8-99 next try\Pics\smini.gif --> www.subjektiv-news.de /online/ever/spacie/8-99 next try/Pics smini.gif
99.12.04 17:59 B d:\subjektiv!\HP-subjektiv\online\ever\spacie\8-99 next try\Pics\subj1.gif --> www.subjektiv-news.de /online/ever/spacie/8-99 next try/Pics subj1.gif
99.12.04 17:59 B d:\subjektiv!\HP-subjektiv\online\ever\spacie\8-99 next try\Pics\subj2.gif --> www.subjektiv-news.de /online/ever/spacie/8-99 next try/Pics subj2.gif
99.12.04 17:59 B d:\subjektiv!\HP-subjektiv\online\ever\spacie\8-99 next try\Pics\subj3.gif --> www.subjektiv-news.de /online/ever/spacie/8-99 next try/Pics subj3.gif
99.12.04 17:59 B d:\subjektiv!\HP-subjektiv\online\ever\spacie\8-99 next try\Pics\subj4.gif --> www.subjektiv-news.de /online/ever/spacie/8-99 next try/Pics subj4.gif
99.12.04 17:59 B d:\subjektiv!\HP-subjektiv\online\ever\spacie\8-99 next try\Pics\subj5.gif --> www.subjektiv-news.de /online/ever/spacie/8-99 next try/Pics subj5.gif
99.12.04 17:59 B d:\subjektiv!\HP-subjektiv\online\ever\spacie\8-99 next try\Pics\subjtit1.gif --> www.subjektiv-news.de /online/ever/spacie/8-99 next try/Pics subjtit1.gif
99.12.04 17:59 B d:\subjektiv!\HP-subjektiv\online\ever\spacie\8-99 next try\Pics\szoom.gif --> www.subjektiv-news.de /online/ever/spacie/8-99 next try/Pics szoom.gif
99.12.04 17:59 B d:\subjektiv!\HP-subjektiv\online\ever\spacie\8-99 next try\Pics\t.gif --> www.subjektiv-news.de /online/ever/spacie/8-99 next try/Pics t.gif
99.12.04 17:59 B d:\subjektiv!\HP-subjektiv\online\ever\spacie\8-99 next try\Pics\tmini.gif --> www.subjektiv-news.de /online/ever/spacie/8-99 next try/Pics tmini.gif
99.12.04 17:59 B d:\subjektiv!\HP-subjektiv\online\ever\spacie\8-99 next try\Pics\u.gif --> www.subjektiv-news.de /online/ever/spacie/8-99 next try/Pics u.gif
99.12.04 17:59 B d:\subjektiv!\HP-subjektiv\online\ever\spacie\8-99 next try\Pics\umini.gif --> www.subjektiv-news.de /online/ever/spacie/8-99 next try/Pics umini.gif
99.12.04 17:59 B d:\subjektiv!\HP-subjektiv\online\ever\spacie\8-99 next try\Pics\v.gif --> www.subjektiv-news.de /online/ever/spacie/8-99 next try/Pics v.gif
99.12.04 17:59 B d:\subjektiv!\HP-subjektiv\online\ever\spacie\8-99 next try\Pics\vmini.gif --> www.subjektiv-news.de /online/ever/spacie/8-99 next try/Pics vmini.gif
99.12.04 17:59 B d:\subjektiv!\HP-subjektiv\online\ever\spacie\8-99 next try\Pics\wassis.gif --> www.subjektiv-news.de /online/ever/spacie/8-99 next try/Pics wassis.gif
99.12.04 17:59 B d:\subjektiv!\HP-subjektiv\online\ever\spacie\8-99 next try\Pics\Wassis.jpg --> www.subjektiv-news.de /online/ever/spacie/8-99 next try/Pics Wassis.jpg
99.12.04 17:59 B d:\subjektiv!\HP-subjektiv\online\ever\spacie\8-99 next try\Pics\WS_FTP.LOG --> www.subjektiv-news.de /online/ever/spacie/8-99 next try/Pics WS_FTP.LOG
99.12.04 17:59 B d:\subjektiv!\HP-subjektiv\online\ever\spacie\8-99 next try\Pics\zuruck.gif --> www.subjektiv-news.de /online/ever/spacie/8-99 next try/Pics zuruck.gif
99.12.04 17:59 B d:\subjektiv!\HP-subjektiv\online\ever\spacie\8-99 next try\Pics\zurucklumi.gif --> www.subjektiv-news.de /online/ever/spacie/8-99 next try/Pics zurucklumi.gif
99.12.05 12:11 B d:\subjektiv!\HP-subjektiv\online\ever\spacie\8-99 next try\Pics\b.gif --> www.subjektiv-news.de /online/ever/spacie/8-99 next try/Pics b.gif
99.12.05 12:11 B d:\subjektiv!\HP-subjektiv\online\ever\spacie\8-99 next try\Pics\bmini.gif --> www.subjektiv-news.de /online/ever/spacie/8-99 next try/Pics bmini.gif
99.12.05 12:11 B d:\subjektiv!\HP-subjektiv\online\ever\spacie\8-99 next try\Pics\Down.gif --> www.subjektiv-news.de /online/ever/spacie/8-99 next try/Pics Down.gif
99.12.05 12:11 B d:\subjektiv!\HP-subjektiv\online\ever\spacie\8-99 next try\Pics\e.gif --> www.subjektiv-news.de /online/ever/spacie/8-99 next try/Pics e.gif
99.12.05 12:11 B d:\subjektiv!\HP-subjektiv\online\ever\spacie\8-99 next try\Pics\emini.gif --> www.subjektiv-news.de /online/ever/spacie/8-99 next try/Pics emini.gif
99.12.05 12:11 B d:\subjektiv!\HP-subjektiv\online\ever\spacie\8-99 next try\Pics\Home.gif --> www.subjektiv-news.de /online/ever/spacie/8-99 next try/Pics Home.gif
99.12.05 12:11 B d:\subjektiv!\HP-subjektiv\online\ever\spacie\8-99 next try\Pics\i.gif --> www.subjektiv-news.de /online/ever/spacie/8-99 next try/Pics i.gif
99.12.05 12:11 B d:\subjektiv!\HP-subjektiv\online\ever\spacie\8-99 next try\Pics\imini.gif --> www.subjektiv-news.de /online/ever/spacie/8-99 next try/Pics imini.gif
99.12.05 12:11 B d:\subjektiv!\HP-subjektiv\online\ever\spacie\8-99 next try\Pics\j.gif --> www.subjektiv-news.de /online/ever/spacie/8-99 next try/Pics j.gif
99.12.05 12:11 B d:\subjektiv!\HP-subjektiv\online\ever\spacie\8-99 next try\Pics\jmini.gif --> www.subjektiv-news.de /online/ever/spacie/8-99 next try/Pics jmini.gif
99.12.05 12:11 B d:\subjektiv!\HP-subjektiv\online\ever\spacie\8-99 next try\Pics\JochenPic.gif --> www.subjektiv-news.de /online/ever/spacie/8-99 next try/Pics JochenPic.gif
99.12.05 12:11 B d:\subjektiv!\HP-subjektiv\online\ever\spacie\8-99 next try\Pics\k.gif --> www.subjektiv-news.de /online/ever/spacie/8-99 next try/Pics k.gif
99.12.05 12:11 B d:\subjektiv!\HP-subjektiv\online\ever\spacie\8-99 next try\Pics\kmini.gif --> www.subjektiv-news.de /online/ever/spacie/8-99 next try/Pics kmini.gif
99.12.05 12:11 B d:\subjektiv!\HP-subjektiv\online\ever\spacie\8-99 next try\Pics\Kontakt.gif --> www.subjektiv-news.de /online/ever/spacie/8-99 next try/Pics Kontakt.gif
99.12.05 12:11 B d:\subjektiv!\HP-subjektiv\online\ever\spacie\8-99 next try\Pics\Kontaktlumi.gif --> www.subjektiv-news.de /online/ever/spacie/8-99 next try/Pics Kontaktlumi.gif
99.12.05 12:11 B d:\subjektiv!\HP-subjektiv\online\ever\spacie\8-99 next try\Pics\Kontaktrot.gif --> www.subjektiv-news.de /online/ever/spacie/8-99 next try/Pics Kontaktrot.gif
99.12.05 12:11 B d:\subjektiv!\HP-subjektiv\online\ever\spacie\8-99 next try\Pics\MartinPic.gif --> www.subjektiv-news.de /online/ever/spacie/8-99 next try/Pics MartinPic.gif
99.12.05 12:11 B d:\subjektiv!\HP-subjektiv\online\ever\spacie\8-99 next try\Pics\MoPic.gif --> www.subjektiv-news.de /online/ever/spacie/8-99 next try/Pics MoPic.gif
99.12.05 12:11 B d:\subjektiv!\HP-subjektiv\online\ever\spacie\8-99 next try\Pics\s.gif --> www.subjektiv-news.de /online/ever/spacie/8-99 next try/Pics s.gif
99.12.05 12:11 B d:\subjektiv!\HP-subjektiv\online\ever\spacie\8-99 next try\Pics\sfress.gif --> www.subjektiv-news.de /online/ever/spacie/8-99 next try/Pics sfress.gif
99.12.05 12:11 B d:\subjektiv!\HP-subjektiv\online\ever\spacie\8-99 next try\Pics\smini.gif --> www.subjektiv-news.de /online/ever/spacie/8-99 next try/Pics smini.gif
99.12.05 12:11 B d:\subjektiv!\HP-subjektiv\online\ever\spacie\8-99 next try\Pics\subj1.gif --> www.subjektiv-news.de /online/ever/spacie/8-99 next try/Pics subj1.gif
99.12.05 12:11 B d:\subjektiv!\HP-subjektiv\online\ever\spacie\8-99 next try\Pics\subj2.gif --> www.subjektiv-news.de /online/ever/spacie/8-99 next try/Pics subj2.gif
99.12.05 12:11 B d:\subjektiv!\HP-subjektiv\online\ever\spacie\8-99 next try\Pics\subj3.gif --> www.subjektiv-news.de /online/ever/spacie/8-99 next try/Pics subj3.gif
99.12.05 12:11 B d:\subjektiv!\HP-subjektiv\online\ever\spacie\8-99 next try\Pics\subj4.gif --> www.subjektiv-news.de /online/ever/spacie/8-99 next try/Pics subj4.gif
99.12.05 12:11 B d:\subjektiv!\HP-subjektiv\online\ever\spacie\8-99 next try\Pics\subj5.gif --> www.subjektiv-news.de /online/ever/spacie/8-99 next try/Pics subj5.gif
99.12.05 12:11 B d:\subjektiv!\HP-subjektiv\online\ever\spacie\8-99 next try\Pics\subjtit1.gif --> www.subjektiv-news.de /online/ever/spacie/8-99 next try/Pics subjtit1.gif
99.12.05 12:11 B d:\subjektiv!\HP-subjektiv\online\ever\spacie\8-99 next try\Pics\szoom.gif --> www.subjektiv-news.de /online/ever/spacie/8-99 next try/Pics szoom.gif
99.12.05 12:11 B d:\subjektiv!\HP-subjektiv\online\ever\spacie\8-99 next try\Pics\t.gif --> www.subjektiv-news.de /online/ever/spacie/8-99 next try/Pics t.gif
99.12.05 12:11 B d:\subjektiv!\HP-subjektiv\online\ever\spacie\8-99 next try\Pics\tmini.gif --> www.subjektiv-news.de /online/ever/spacie/8-99 next try/Pics tmini.gif
99.12.05 12:11 B d:\subjektiv!\HP-subjektiv\online\ever\spacie\8-99 next try\Pics\u.gif --> www.subjektiv-news.de /online/ever/spacie/8-99 next try/Pics u.gif
99.12.05 12:11 B d:\subjektiv!\HP-subjektiv\online\ever\spacie\8-99 next try\Pics\umini.gif --> www.subjektiv-news.de /online/ever/spacie/8-99 next try/Pics umini.gif
99.12.05 12:11 B d:\subjektiv!\HP-subjektiv\online\ever\spacie\8-99 next try\Pics\v.gif --> www.subjektiv-news.de /online/ever/spacie/8-99 next try/Pics v.gif
99.12.05 12:11 B d:\subjektiv!\HP-subjektiv\online\ever\spacie\8-99 next try\Pics\vmini.gif --> www.subjektiv-news.de /online/ever/spacie/8-99 next try/Pics vmini.gif
99.12.05 12:12 B d:\subjektiv!\HP-subjektiv\online\ever\spacie\8-99 next try\Pics\wassis.gif --> www.subjektiv-news.de /online/ever/spacie/8-99 next try/Pics wassis.gif
99.12.05 12:12 B d:\subjektiv!\HP-subjektiv\online\ever\spacie\8-99 next try\Pics\Wassis.jpg --> www.subjektiv-news.de /online/ever/spacie/8-99 next try/Pics Wassis.jpg
99.12.05 12:12 B d:\subjektiv!\HP-subjektiv\online\ever\spacie\8-99 next try\Pics\WS_FTP.LOG --> www.subjektiv-news.de /online/ever/spacie/8-99 next try/Pics WS_FTP.LOG
99.12.05 12:12 B d:\subjektiv!\HP-subjektiv\online\ever\spacie\8-99 next try\Pics\zuruck.gif --> www.subjektiv-news.de /online/ever/spacie/8-99 next try/Pics zuruck.gif
99.12.05 12:12 B d:\subjektiv!\HP-subjektiv\online\ever\spacie\8-99 next try\Pics\zurucklumi.gif --> www.subjektiv-news.de /online/ever/spacie/8-99 next try/Pics zurucklumi.gif
99.12.17 23:43 B D:\subjektiv!\HP-subjektiv\online\ever\spacie\8-99 next try\Pics\b.gif --> www.online.de /subjektiv/online/ever/spacie/8-99 next try/Pics b.gif
99.12.17 23:43 B D:\subjektiv!\HP-subjektiv\online\ever\spacie\8-99 next try\Pics\bmini.gif --> www.online.de /subjektiv/online/ever/spacie/8-99 next try/Pics bmini.gif
99.12.17 23:43 B D:\subjektiv!\HP-subjektiv\online\ever\spacie\8-99 next try\Pics\Down.gif --> www.online.de /subjektiv/online/ever/spacie/8-99 next try/Pics Down.gif
99.12.17 23:43 B D:\subjektiv!\HP-subjektiv\online\ever\spacie\8-99 next try\Pics\e.gif --> www.online.de /subjektiv/online/ever/spacie/8-99 next try/Pics e.gif
99.12.17 23:43 B D:\subjektiv!\HP-subjektiv\online\ever\spacie\8-99 next try\Pics\emini.gif --> www.online.de /subjektiv/online/ever/spacie/8-99 next try/Pics emini.gif
99.12.17 23:43 B D:\subjektiv!\HP-subjektiv\online\ever\spacie\8-99 next try\Pics\Home.gif --> www.online.de /subjektiv/online/ever/spacie/8-99 next try/Pics Home.gif
99.12.17 23:43 B D:\subjektiv!\HP-subjektiv\online\ever\spacie\8-99 next try\Pics\i.gif --> www.online.de /subjektiv/online/ever/spacie/8-99 next try/Pics i.gif
99.12.17 23:43 B D:\subjektiv!\HP-subjektiv\online\ever\spacie\8-99 next try\Pics\imini.gif --> www.online.de /subjektiv/online/ever/spacie/8-99 next try/Pics imini.gif
99.12.17 23:44 B D:\subjektiv!\HP-subjektiv\online\ever\spacie\8-99 next try\Pics\j.gif --> www.online.de /subjektiv/online/ever/spacie/8-99 next try/Pics j.gif
99.12.17 23:44 B D:\subjektiv!\HP-subjektiv\online\ever\spacie\8-99 next try\Pics\jmini.gif --> www.online.de /subjektiv/online/ever/spacie/8-99 next try/Pics jmini.gif
99.12.17 23:44 B D:\subjektiv!\HP-subjektiv\online\ever\spacie\8-99 next try\Pics\JochenPic.gif --> www.online.de /subjektiv/online/ever/spacie/8-99 next try/Pics JochenPic.gif
99.12.17 23:44 B D:\subjektiv!\HP-subjektiv\online\ever\spacie\8-99 next try\Pics\k.gif --> www.online.de /subjektiv/online/ever/spacie/8-99 next try/Pics k.gif
99.12.17 23:44 B D:\subjektiv!\HP-subjektiv\online\ever\spacie\8-99 next try\Pics\kmini.gif --> www.online.de /subjektiv/online/ever/spacie/8-99 next try/Pics kmini.gif
99.12.17 23:44 B D:\subjektiv!\HP-subjektiv\online\ever\spacie\8-99 next try\Pics\Kontakt.gif --> www.online.de /subjektiv/online/ever/spacie/8-99 next try/Pics Kontakt.gif
99.12.17 23:44 B D:\subjektiv!\HP-subjektiv\online\ever\spacie\8-99 next try\Pics\Kontaktlumi.gif --> www.online.de /subjektiv/online/ever/spacie/8-99 next try/Pics Kontaktlumi.gif
99.12.17 23:44 B D:\subjektiv!\HP-subjektiv\online\ever\spacie\8-99 next try\Pics\Kontaktrot.gif --> www.online.de /subjektiv/online/ever/spacie/8-99 next try/Pics Kontaktrot.gif
99.12.17 23:44 B D:\subjektiv!\HP-subjektiv\online\ever\spacie\8-99 next try\Pics\MartinPic.gif --> www.online.de /subjektiv/online/ever/spacie/8-99 next try/Pics MartinPic.gif
99.12.17 23:44 B D:\subjektiv!\HP-subjektiv\online\ever\spacie\8-99 next try\Pics\MoPic.gif --> www.online.de /subjektiv/online/ever/spacie/8-99 next try/Pics MoPic.gif
99.12.17 23:44 B D:\subjektiv!\HP-subjektiv\online\ever\spacie\8-99 next try\Pics\s.gif --> www.online.de /subjektiv/online/ever/spacie/8-99 next try/Pics s.gif
99.12.17 23:44 B D:\subjektiv!\HP-subjektiv\online\ever\spacie\8-99 next try\Pics\sfress.gif --> www.online.de /subjektiv/online/ever/spacie/8-99 next try/Pics sfress.gif
99.12.17 23:44 B D:\subjektiv!\HP-subjektiv\online\ever\spacie\8-99 next try\Pics\smini.gif --> www.online.de /subjektiv/online/ever/spacie/8-99 next try/Pics smini.gif
99.12.17 23:44 B D:\subjektiv!\HP-subjektiv\online\ever\spacie\8-99 next try\Pics\subj1.gif --> www.online.de /subjektiv/online/ever/spacie/8-99 next try/Pics subj1.gif
99.12.17 23:44 B D:\subjektiv!\HP-subjektiv\online\ever\spacie\8-99 next try\Pics\subj2.gif --> www.online.de /subjektiv/online/ever/spacie/8-99 next try/Pics subj2.gif
99.12.17 23:44 B D:\subjektiv!\HP-subjektiv\online\ever\spacie\8-99 next try\Pics\subj3.gif --> www.online.de /subjektiv/online/ever/spacie/8-99 next try/Pics subj3.gif
99.12.17 23:44 B D:\subjektiv!\HP-subjektiv\online\ever\spacie\8-99 next try\Pics\subj4.gif --> www.online.de /subjektiv/online/ever/spacie/8-99 next try/Pics subj4.gif
99.12.17 23:44 B D:\subjektiv!\HP-subjektiv\online\ever\spacie\8-99 next try\Pics\subj5.gif --> www.online.de /subjektiv/online/ever/spacie/8-99 next try/Pics subj5.gif
99.12.17 23:44 B D:\subjektiv!\HP-subjektiv\online\ever\spacie\8-99 next try\Pics\subjtit1.gif --> www.online.de /subjektiv/online/ever/spacie/8-99 next try/Pics subjtit1.gif
99.12.17 23:44 B D:\subjektiv!\HP-subjektiv\online\ever\spacie\8-99 next try\Pics\szoom.gif --> www.online.de /subjektiv/online/ever/spacie/8-99 next try/Pics szoom.gif
99.12.17 23:44 B D:\subjektiv!\HP-subjektiv\online\ever\spacie\8-99 next try\Pics\t.gif --> www.online.de /subjektiv/online/ever/spacie/8-99 next try/Pics t.gif
99.12.17 23:44 B D:\subjektiv!\HP-subjektiv\online\ever\spacie\8-99 next try\Pics\tmini.gif --> www.online.de /subjektiv/online/ever/spacie/8-99 next try/Pics tmini.gif
99.12.17 23:44 B D:\subjektiv!\HP-subjektiv\online\ever\spacie\8-99 next try\Pics\u.gif --> www.online.de /subjektiv/online/ever/spacie/8-99 next try/Pics u.gif
99.12.17 23:44 B D:\subjektiv!\HP-subjektiv\online\ever\spacie\8-99 next try\Pics\umini.gif --> www.online.de /subjektiv/online/ever/spacie/8-99 next try/Pics umini.gif
99.12.17 23:44 B D:\subjektiv!\HP-subjektiv\online\ever\spacie\8-99 next try\Pics\v.gif --> www.online.de /subjektiv/online/ever/spacie/8-99 next try/Pics v.gif
99.12.17 23:44 B D:\subjektiv!\HP-subjektiv\online\ever\spacie\8-99 next try\Pics\vmini.gif --> www.online.de /subjektiv/online/ever/spacie/8-99 next try/Pics vmini.gif
99.12.17 23:44 B D:\subjektiv!\HP-subjektiv\online\ever\spacie\8-99 next try\Pics\wassis.gif --> www.online.de /subjektiv/online/ever/spacie/8-99 next try/Pics wassis.gif
99.12.17 23:44 B D:\subjektiv!\HP-subjektiv\online\ever\spacie\8-99 next try\Pics\Wassis.jpg --> www.online.de /subjektiv/online/ever/spacie/8-99 next try/Pics Wassis.jpg
99.12.17 23:44 B D:\subjektiv!\HP-subjektiv\online\ever\spacie\8-99 next try\Pics\WS_FTP.LOG --> www.online.de /subjektiv/online/ever/spacie/8-99 next try/Pics WS_FTP.LOG
99.12.17 23:44 B D:\subjektiv!\HP-subjektiv\online\ever\spacie\8-99 next try\Pics\zuruck.gif --> www.online.de /subjektiv/online/ever/spacie/8-99 next try/Pics zuruck.gif
99.12.17 23:48 B D:\subjektiv!\HP-subjektiv\online\ever\spacie\8-99 next try\Pics\zurucklumi.gif --> www.online.de /subjektiv/online/ever/spacie/8-99 next try/Pics zurucklumi.gif
99.12.29 23:44 B D:\subjektiv!\HP-subjektiv\online\ever\spacie\8-99 next try\Pics\b.gif --> www.subjektiv-news.de /subjektiv/online/ever/spacie/8-99 next try/Pics b.gif
99.12.29 23:44 B D:\subjektiv!\HP-subjektiv\online\ever\spacie\8-99 next try\Pics\bmini.gif --> www.subjektiv-news.de /subjektiv/online/ever/spacie/8-99 next try/Pics bmini.gif
99.12.29 23:44 B D:\subjektiv!\HP-subjektiv\online\ever\spacie\8-99 next try\Pics\Down.gif --> www.subjektiv-news.de /subjektiv/online/ever/spacie/8-99 next try/Pics Down.gif
99.12.29 23:44 B D:\subjektiv!\HP-subjektiv\online\ever\spacie\8-99 next try\Pics\e.gif --> www.subjektiv-news.de /subjektiv/online/ever/spacie/8-99 next try/Pics e.gif
99.12.29 23:44 B D:\subjektiv!\HP-subjektiv\online\ever\spacie\8-99 next try\Pics\emini.gif --> www.subjektiv-news.de /subjektiv/online/ever/spacie/8-99 next try/Pics emini.gif
99.12.29 23:44 B D:\subjektiv!\HP-subjektiv\online\ever\spacie\8-99 next try\Pics\Home.gif --> www.subjektiv-news.de /subjektiv/online/ever/spacie/8-99 next try/Pics Home.gif
99.12.29 23:44 B D:\subjektiv!\HP-subjektiv\online\ever\spacie\8-99 next try\Pics\i.gif --> www.subjektiv-news.de /subjektiv/online/ever/spacie/8-99 next try/Pics i.gif
99.12.29 23:44 B D:\subjektiv!\HP-subjektiv\online\ever\spacie\8-99 next try\Pics\imini.gif --> www.subjektiv-news.de /subjektiv/online/ever/spacie/8-99 next try/Pics imini.gif
99.12.29 23:44 B D:\subjektiv!\HP-subjektiv\online\ever\spacie\8-99 next try\Pics\j.gif --> www.subjektiv-news.de /subjektiv/online/ever/spacie/8-99 next try/Pics j.gif
99.12.29 23:44 B D:\subjektiv!\HP-subjektiv\online\ever\spacie\8-99 next try\Pics\jmini.gif --> www.subjektiv-news.de /subjektiv/online/ever/spacie/8-99 next try/Pics jmini.gif
99.12.29 23:44 B D:\subjektiv!\HP-subjektiv\online\ever\spacie\8-99 next try\Pics\JochenPic.gif --> www.subjektiv-news.de /subjektiv/online/ever/spacie/8-99 next try/Pics JochenPic.gif
99.12.29 23:44 B D:\subjektiv!\HP-subjektiv\online\ever\spacie\8-99 next try\Pics\k.gif --> www.subjektiv-news.de /subjektiv/online/ever/spacie/8-99 next try/Pics k.gif
99.12.29 23:44 B D:\subjektiv!\HP-subjektiv\online\ever\spacie\8-99 next try\Pics\kmini.gif --> www.subjektiv-news.de /subjektiv/online/ever/spacie/8-99 next try/Pics kmini.gif
99.12.29 23:44 B D:\subjektiv!\HP-subjektiv\online\ever\spacie\8-99 next try\Pics\Kontakt.gif --> www.subjektiv-news.de /subjektiv/online/ever/spacie/8-99 next try/Pics Kontakt.gif
99.12.29 23:44 B D:\subjektiv!\HP-subjektiv\online\ever\spacie\8-99 next try\Pics\Kontaktlumi.gif --> www.subjektiv-news.de /subjektiv/online/ever/spacie/8-99 next try/Pics Kontaktlumi.gif
99.12.29 23:44 B D:\subjektiv!\HP-subjektiv\online\ever\spacie\8-99 next try\Pics\Kontaktrot.gif --> www.subjektiv-news.de /subjektiv/online/ever/spacie/8-99 next try/Pics Kontaktrot.gif
99.12.29 23:45 B D:\subjektiv!\HP-subjektiv\online\ever\spacie\8-99 next try\Pics\MartinPic.gif --> www.subjektiv-news.de /subjektiv/online/ever/spacie/8-99 next try/Pics MartinPic.gif
99.12.29 23:45 B D:\subjektiv!\HP-subjektiv\online\ever\spacie\8-99 next try\Pics\MoPic.gif --> www.subjektiv-news.de /subjektiv/online/ever/spacie/8-99 next try/Pics MoPic.gif
99.12.29 23:45 B D:\subjektiv!\HP-subjektiv\online\ever\spacie\8-99 next try\Pics\s.gif --> www.subjektiv-news.de /subjektiv/online/ever/spacie/8-99 next try/Pics s.gif
99.12.29 23:45 B D:\subjektiv!\HP-subjektiv\online\ever\spacie\8-99 next try\Pics\sfress.gif --> www.subjektiv-news.de /subjektiv/online/ever/spacie/8-99 next try/Pics sfress.gif
99.12.29 23:45 B D:\subjektiv!\HP-subjektiv\online\ever\spacie\8-99 next try\Pics\smini.gif --> www.subjektiv-news.de /subjektiv/online/ever/spacie/8-99 next try/Pics smini.gif
99.12.29 23:45 B D:\subjektiv!\HP-subjektiv\online\ever\spacie\8-99 next try\Pics\subj1.gif --> www.subjektiv-news.de /subjektiv/online/ever/spacie/8-99 next try/Pics subj1.gif
99.12.29 23:45 B D:\subjektiv!\HP-subjektiv\online\ever\spacie\8-99 next try\Pics\subj2.gif --> www.subjektiv-news.de /subjektiv/online/ever/spacie/8-99 next try/Pics subj2.gif
99.12.29 23:45 B D:\subjektiv!\HP-subjektiv\online\ever\spacie\8-99 next try\Pics\subj3.gif --> www.subjektiv-news.de /subjektiv/online/ever/spacie/8-99 next try/Pics subj3.gif
99.12.29 23:45 B D:\subjektiv!\HP-subjektiv\online\ever\spacie\8-99 next try\Pics\subj4.gif --> www.subjektiv-news.de /subjektiv/online/ever/spacie/8-99 next try/Pics subj4.gif
99.12.29 23:45 B D:\subjektiv!\HP-subjektiv\online\ever\spacie\8-99 next try\Pics\subj5.gif --> www.subjektiv-news.de /subjektiv/online/ever/spacie/8-99 next try/Pics subj5.gif
99.12.29 23:45 B D:\subjektiv!\HP-subjektiv\online\ever\spacie\8-99 next try\Pics\subjtit1.gif --> www.subjektiv-news.de /subjektiv/online/ever/spacie/8-99 next try/Pics subjtit1.gif
99.12.29 23:45 B D:\subjektiv!\HP-subjektiv\online\ever\spacie\8-99 next try\Pics\szoom.gif --> www.subjektiv-news.de /subjektiv/online/ever/spacie/8-99 next try/Pics szoom.gif
99.12.29 23:45 B D:\subjektiv!\HP-subjektiv\online\ever\spacie\8-99 next try\Pics\t.gif --> www.subjektiv-news.de /subjektiv/online/ever/spacie/8-99 next try/Pics t.gif
99.12.29 23:45 B D:\subjektiv!\HP-subjektiv\online\ever\spacie\8-99 next try\Pics\tmini.gif --> www.subjektiv-news.de /subjektiv/online/ever/spacie/8-99 next try/Pics tmini.gif
99.12.29 23:45 B D:\subjektiv!\HP-subjektiv\online\ever\spacie\8-99 next try\Pics\u.gif --> www.subjektiv-news.de /subjektiv/online/ever/spacie/8-99 next try/Pics u.gif
99.12.29 23:45 B D:\subjektiv!\HP-subjektiv\online\ever\spacie\8-99 next try\Pics\umini.gif --> www.subjektiv-news.de /subjektiv/online/ever/spacie/8-99 next try/Pics umini.gif
99.12.29 23:45 B D:\subjektiv!\HP-subjektiv\online\ever\spacie\8-99 next try\Pics\v.gif --> www.subjektiv-news.de /subjektiv/online/ever/spacie/8-99 next try/Pics v.gif
99.12.29 23:45 B D:\subjektiv!\HP-subjektiv\online\ever\spacie\8-99 next try\Pics\vmini.gif --> www.subjektiv-news.de /subjektiv/online/ever/spacie/8-99 next try/Pics vmini.gif
99.12.29 23:45 B D:\subjektiv!\HP-subjektiv\online\ever\spacie\8-99 next try\Pics\wassis.gif --> www.subjektiv-news.de /subjektiv/online/ever/spacie/8-99 next try/Pics wassis.gif
99.12.29 23:45 B D:\subjektiv!\HP-subjektiv\online\ever\spacie\8-99 next try\Pics\Wassis.jpg --> www.subjektiv-news.de /subjektiv/online/ever/spacie/8-99 next try/Pics Wassis.jpg
