99.11.29 20:36 B d:\subjektiv!\HP-subjektiv\downs\5-99.pdf --> www.subjektiv-news.de /downs 5-99.pdf
99.11.29 20:41 B d:\subjektiv!\HP-subjektiv\downs\6-99inter.pdf --> www.subjektiv-news.de /downs 6-99inter.pdf
99.11.29 20:42 B d:\subjektiv!\HP-subjektiv\downs\subj3inter.pdf --> www.subjektiv-news.de /downs subj3inter.pdf
99.11.29 20:45 B d:\subjektiv!\HP-subjektiv\downs\subj4inter.pdf --> www.subjektiv-news.de /downs subj4inter.pdf
99.11.29 20:49 B d:\subjektiv!\HP-subjektiv\downs\subj5.zip --> www.subjektiv-news.de /downs subj5.zip
99.11.29 20:51 B d:\subjektiv!\HP-subjektiv\downs\subjinternet.pdf --> www.subjektiv-news.de /downs subjinternet.pdf
99.12.17 23:11 B D:\subjektiv!\HP-subjektiv\downs\5-99.pdf --> www.online.de /subjektiv/downs 5-99.pdf
99.12.17 23:18 B D:\subjektiv!\HP-subjektiv\downs\6-99inter.pdf --> www.online.de /subjektiv/downs 6-99inter.pdf
99.12.17 23:21 B D:\subjektiv!\HP-subjektiv\downs\subj3inter.pdf --> www.online.de /subjektiv/downs subj3inter.pdf
99.12.17 23:24 B D:\subjektiv!\HP-subjektiv\downs\subj4inter.pdf --> www.online.de /subjektiv/downs subj4inter.pdf
99.12.17 23:30 B D:\subjektiv!\HP-subjektiv\downs\subj5.zip --> www.online.de /subjektiv/downs subj5.zip
99.12.17 23:33 B D:\subjektiv!\HP-subjektiv\downs\subjinternet.pdf --> www.online.de /subjektiv/downs subjinternet.pdf
99.12.29 23:47 B D:\subjektiv!\HP-subjektiv\downs\5-99.pdf --> www.subjektiv-news.de /subjektiv/downs 5-99.pdf
99.12.29 23:53 B D:\subjektiv!\HP-subjektiv\downs\6-99inter.pdf --> www.subjektiv-news.de /subjektiv/downs 6-99inter.pdf
99.12.29 23:54 B D:\subjektiv!\HP-subjektiv\downs\subj3inter.pdf --> www.subjektiv-news.de /subjektiv/downs subj3inter.pdf
99.12.29 23:55 B D:\subjektiv!\HP-subjektiv\downs\subj4inter.pdf --> www.subjektiv-news.de /subjektiv/downs subj4inter.pdf
99.12.30 00:00 B D:\subjektiv!\HP-subjektiv\downs\subj5.zip --> www.subjektiv-news.de /subjektiv/downs subj5.zip
99.12.30 00:07 B D:\subjektiv!\HP-subjektiv\downs\subj7inter.zip --> www.subjektiv-news.de /subjektiv/downs subj7inter.zip
99.12.30 00:09 B D:\subjektiv!\HP-subjektiv\downs\subjinternet.pdf --> www.subjektiv-news.de /subjektiv/downs subjinternet.pdf
99.12.30 00:09 B D:\subjektiv!\HP-subjektiv\downs\WS_FTP.LOG --> www.subjektiv-news.de /subjektiv/downs WS_FTP.LOG
100.03.16 17:24 B D:\subjektiv!\HP-subjektiv\downs\subj8inter.pdf --> www.subjektiv-news.de /subjektiv/downs subj8inter.pdf
