99.11.03 18:01 B D:\subjektiv!\spacie\8-99 next try\pages\down1.htm --> www.online.de /spacie/8-99 next try/pages down1.htm
99.11.03 18:01 B D:\subjektiv!\spacie\8-99 next try\pages\down2.htm --> www.online.de /spacie/8-99 next try/pages down2.htm
99.11.03 18:01 B D:\subjektiv!\spacie\8-99 next try\pages\download.htm --> www.online.de /spacie/8-99 next try/pages download.htm
99.11.03 18:01 B D:\subjektiv!\spacie\8-99 next try\pages\Home.htm --> www.online.de /spacie/8-99 next try/pages Home.htm
99.11.03 18:01 B D:\subjektiv!\spacie\8-99 next try\pages\Homepage.htm --> www.online.de /spacie/8-99 next try/pages Homepage.htm
99.11.03 18:01 B D:\subjektiv!\spacie\8-99 next try\pages\inframe.html --> www.online.de /spacie/8-99 next try/pages inframe.html
99.11.03 18:01 B D:\subjektiv!\spacie\8-99 next try\pages\jochen.htm --> www.online.de /spacie/8-99 next try/pages jochen.htm
99.11.03 18:01 B D:\subjektiv!\spacie\8-99 next try\pages\joiceframe.htm --> www.online.de /spacie/8-99 next try/pages joiceframe.htm
99.11.03 18:01 B D:\subjektiv!\spacie\8-99 next try\pages\joicer.htm --> www.online.de /spacie/8-99 next try/pages joicer.htm
99.11.03 18:01 B D:\subjektiv!\spacie\8-99 next try\pages\Kontakt.htm --> www.online.de /spacie/8-99 next try/pages Kontakt.htm
99.11.03 18:01 B D:\subjektiv!\spacie\8-99 next try\pages\Kontakt2.htm --> www.online.de /spacie/8-99 next try/pages Kontakt2.htm
99.11.03 18:01 B D:\subjektiv!\spacie\8-99 next try\pages\Kontakt3r.htm --> www.online.de /spacie/8-99 next try/pages Kontakt3r.htm
99.11.03 18:01 B D:\subjektiv!\spacie\8-99 next try\pages\martin.htm --> www.online.de /spacie/8-99 next try/pages martin.htm
99.11.03 18:01 B D:\subjektiv!\spacie\8-99 next try\pages\mo.htm --> www.online.de /spacie/8-99 next try/pages mo.htm
99.11.03 18:01 B D:\subjektiv!\spacie\8-99 next try\pages\mueller.htm --> www.online.de /spacie/8-99 next try/pages mueller.htm
99.11.03 18:01 B D:\subjektiv!\spacie\8-99 next try\pages\Pulli.txt --> www.online.de /spacie/8-99 next try/pages Pulli.txt
99.11.03 18:01 B D:\subjektiv!\spacie\8-99 next try\pages\rand.html --> www.online.de /spacie/8-99 next try/pages rand.html
99.11.03 18:01 B D:\subjektiv!\spacie\8-99 next try\pages\second.htm --> www.online.de /spacie/8-99 next try/pages second.htm
99.11.03 18:01 B D:\subjektiv!\spacie\8-99 next try\pages\subjektiv.htm --> www.online.de /spacie/8-99 next try/pages subjektiv.htm
99.11.03 18:01 B D:\subjektiv!\spacie\8-99 next try\pages\third.htm --> www.online.de /spacie/8-99 next try/pages third.htm
99.11.03 18:01 B D:\subjektiv!\spacie\8-99 next try\pages\toph.htm --> www.online.de /spacie/8-99 next try/pages toph.htm
99.11.03 18:01 B D:\subjektiv!\spacie\8-99 next try\pages\wahlframe.htm --> www.online.de /spacie/8-99 next try/pages wahlframe.htm
99.11.03 18:43 B D:\subjektiv!\spacie\8-99 next try\pages\down1.htm --> www.subjektiv-news.de /spacie/8-99 next try/pages down1.htm
99.11.03 18:43 B D:\subjektiv!\spacie\8-99 next try\pages\down2.htm --> www.subjektiv-news.de /spacie/8-99 next try/pages down2.htm
99.11.03 18:43 B D:\subjektiv!\spacie\8-99 next try\pages\download.htm --> www.subjektiv-news.de /spacie/8-99 next try/pages download.htm
99.11.03 18:43 B D:\subjektiv!\spacie\8-99 next try\pages\Home.htm --> www.subjektiv-news.de /spacie/8-99 next try/pages Home.htm
99.11.03 18:43 B D:\subjektiv!\spacie\8-99 next try\pages\Homepage.htm --> www.subjektiv-news.de /spacie/8-99 next try/pages Homepage.htm
99.11.03 18:43 B D:\subjektiv!\spacie\8-99 next try\pages\inframe.html --> www.subjektiv-news.de /spacie/8-99 next try/pages inframe.html
99.11.03 18:43 B D:\subjektiv!\spacie\8-99 next try\pages\jochen.htm --> www.subjektiv-news.de /spacie/8-99 next try/pages jochen.htm
99.11.03 18:43 B D:\subjektiv!\spacie\8-99 next try\pages\joiceframe.htm --> www.subjektiv-news.de /spacie/8-99 next try/pages joiceframe.htm
99.11.03 18:43 B D:\subjektiv!\spacie\8-99 next try\pages\joicer.htm --> www.subjektiv-news.de /spacie/8-99 next try/pages joicer.htm
99.11.03 18:43 B D:\subjektiv!\spacie\8-99 next try\pages\Kontakt.htm --> www.subjektiv-news.de /spacie/8-99 next try/pages Kontakt.htm
99.11.03 18:43 B D:\subjektiv!\spacie\8-99 next try\pages\Kontakt2.htm --> www.subjektiv-news.de /spacie/8-99 next try/pages Kontakt2.htm
99.11.03 18:44 B D:\subjektiv!\spacie\8-99 next try\pages\Kontakt3r.htm --> www.subjektiv-news.de /spacie/8-99 next try/pages Kontakt3r.htm
99.11.03 18:44 B D:\subjektiv!\spacie\8-99 next try\pages\martin.htm --> www.subjektiv-news.de /spacie/8-99 next try/pages martin.htm
99.11.03 18:44 B D:\subjektiv!\spacie\8-99 next try\pages\mo.htm --> www.subjektiv-news.de /spacie/8-99 next try/pages mo.htm
99.11.03 18:44 B D:\subjektiv!\spacie\8-99 next try\pages\mueller.htm --> www.subjektiv-news.de /spacie/8-99 next try/pages mueller.htm
99.11.03 18:44 B D:\subjektiv!\spacie\8-99 next try\pages\Pulli.txt --> www.subjektiv-news.de /spacie/8-99 next try/pages Pulli.txt
99.11.03 18:44 B D:\subjektiv!\spacie\8-99 next try\pages\rand.html --> www.subjektiv-news.de /spacie/8-99 next try/pages rand.html
99.11.03 18:44 B D:\subjektiv!\spacie\8-99 next try\pages\second.htm --> www.subjektiv-news.de /spacie/8-99 next try/pages second.htm
99.11.03 18:44 B D:\subjektiv!\spacie\8-99 next try\pages\subjektiv.htm --> www.subjektiv-news.de /spacie/8-99 next try/pages subjektiv.htm
99.11.03 18:44 B D:\subjektiv!\spacie\8-99 next try\pages\third.htm --> www.subjektiv-news.de /spacie/8-99 next try/pages third.htm
99.11.03 18:44 B D:\subjektiv!\spacie\8-99 next try\pages\toph.htm --> www.subjektiv-news.de /spacie/8-99 next try/pages toph.htm
99.11.03 18:44 B D:\subjektiv!\spacie\8-99 next try\pages\wahlframe.htm --> www.subjektiv-news.de /spacie/8-99 next try/pages wahlframe.htm
99.11.03 18:44 B D:\subjektiv!\spacie\8-99 next try\pages\WS_FTP.LOG --> www.subjektiv-news.de /spacie/8-99 next try/pages WS_FTP.LOG
99.12.04 17:58 B d:\subjektiv!\HP-subjektiv\online\ever\spacie\8-99 next try\pages\down1.htm --> www.subjektiv-news.de /online/ever/spacie/8-99 next try/pages down1.htm
99.12.04 17:58 B d:\subjektiv!\HP-subjektiv\online\ever\spacie\8-99 next try\pages\down2.htm --> www.subjektiv-news.de /online/ever/spacie/8-99 next try/pages down2.htm
99.12.04 17:58 B d:\subjektiv!\HP-subjektiv\online\ever\spacie\8-99 next try\pages\download.htm --> www.subjektiv-news.de /online/ever/spacie/8-99 next try/pages download.htm
99.12.04 17:58 B d:\subjektiv!\HP-subjektiv\online\ever\spacie\8-99 next try\pages\Home.htm --> www.subjektiv-news.de /online/ever/spacie/8-99 next try/pages Home.htm
99.12.04 17:58 B d:\subjektiv!\HP-subjektiv\online\ever\spacie\8-99 next try\pages\Homepage.htm --> www.subjektiv-news.de /online/ever/spacie/8-99 next try/pages Homepage.htm
99.12.04 17:58 B d:\subjektiv!\HP-subjektiv\online\ever\spacie\8-99 next try\pages\inframe.html --> www.subjektiv-news.de /online/ever/spacie/8-99 next try/pages inframe.html
99.12.04 17:58 B d:\subjektiv!\HP-subjektiv\online\ever\spacie\8-99 next try\pages\jochen.htm --> www.subjektiv-news.de /online/ever/spacie/8-99 next try/pages jochen.htm
99.12.04 17:58 B d:\subjektiv!\HP-subjektiv\online\ever\spacie\8-99 next try\pages\joiceframe.htm --> www.subjektiv-news.de /online/ever/spacie/8-99 next try/pages joiceframe.htm
99.12.04 17:58 B d:\subjektiv!\HP-subjektiv\online\ever\spacie\8-99 next try\pages\joicer.htm --> www.subjektiv-news.de /online/ever/spacie/8-99 next try/pages joicer.htm
99.12.04 17:58 B d:\subjektiv!\HP-subjektiv\online\ever\spacie\8-99 next try\pages\Kontakt.htm --> www.subjektiv-news.de /online/ever/spacie/8-99 next try/pages Kontakt.htm
99.12.04 17:58 B d:\subjektiv!\HP-subjektiv\online\ever\spacie\8-99 next try\pages\Kontakt2.htm --> www.subjektiv-news.de /online/ever/spacie/8-99 next try/pages Kontakt2.htm
99.12.04 17:58 B d:\subjektiv!\HP-subjektiv\online\ever\spacie\8-99 next try\pages\Kontakt3r.htm --> www.subjektiv-news.de /online/ever/spacie/8-99 next try/pages Kontakt3r.htm
99.12.04 17:58 B d:\subjektiv!\HP-subjektiv\online\ever\spacie\8-99 next try\pages\martin.htm --> www.subjektiv-news.de /online/ever/spacie/8-99 next try/pages martin.htm
99.12.04 17:58 B d:\subjektiv!\HP-subjektiv\online\ever\spacie\8-99 next try\pages\mo.htm --> www.subjektiv-news.de /online/ever/spacie/8-99 next try/pages mo.htm
99.12.04 17:58 B d:\subjektiv!\HP-subjektiv\online\ever\spacie\8-99 next try\pages\mueller.htm --> www.subjektiv-news.de /online/ever/spacie/8-99 next try/pages mueller.htm
99.12.04 17:58 B d:\subjektiv!\HP-subjektiv\online\ever\spacie\8-99 next try\pages\Pulli.txt --> www.subjektiv-news.de /online/ever/spacie/8-99 next try/pages Pulli.txt
99.12.04 17:58 B d:\subjektiv!\HP-subjektiv\online\ever\spacie\8-99 next try\pages\rand.html --> www.subjektiv-news.de /online/ever/spacie/8-99 next try/pages rand.html
99.12.04 17:58 B d:\subjektiv!\HP-subjektiv\online\ever\spacie\8-99 next try\pages\second.htm --> www.subjektiv-news.de /online/ever/spacie/8-99 next try/pages second.htm
99.12.04 17:58 B d:\subjektiv!\HP-subjektiv\online\ever\spacie\8-99 next try\pages\subjektiv.htm --> www.subjektiv-news.de /online/ever/spacie/8-99 next try/pages subjektiv.htm
99.12.04 17:58 B d:\subjektiv!\HP-subjektiv\online\ever\spacie\8-99 next try\pages\third.htm --> www.subjektiv-news.de /online/ever/spacie/8-99 next try/pages third.htm
99.12.04 17:58 B d:\subjektiv!\HP-subjektiv\online\ever\spacie\8-99 next try\pages\toph.htm --> www.subjektiv-news.de /online/ever/spacie/8-99 next try/pages toph.htm
99.12.04 17:58 B d:\subjektiv!\HP-subjektiv\online\ever\spacie\8-99 next try\pages\wahlframe.htm --> www.subjektiv-news.de /online/ever/spacie/8-99 next try/pages wahlframe.htm
99.12.04 17:58 B d:\subjektiv!\HP-subjektiv\online\ever\spacie\8-99 next try\pages\WS_FTP.LOG --> www.subjektiv-news.de /online/ever/spacie/8-99 next try/pages WS_FTP.LOG
99.12.04 18:12 B d:\subjektiv!\HP-subjektiv\online\ever\spacie\8-99 next try\pages\down1.htm --> www.subjektiv-news.de /pages down1.htm
99.12.04 18:12 B d:\subjektiv!\HP-subjektiv\online\ever\spacie\8-99 next try\pages\down2.htm --> www.subjektiv-news.de /pages down2.htm
99.12.04 18:12 B d:\subjektiv!\HP-subjektiv\online\ever\spacie\8-99 next try\pages\download.htm --> www.subjektiv-news.de /pages download.htm
99.12.04 18:14 B d:\subjektiv!\HP-subjektiv\online\ever\spacie\8-99 next try\pages\down1.htm --> www.subjektiv-news.de /online/ever/spacie/8-99 next try/pages down1.htm
99.12.04 18:14 B d:\subjektiv!\HP-subjektiv\online\ever\spacie\8-99 next try\pages\down2.htm --> www.subjektiv-news.de /online/ever/spacie/8-99 next try/pages down2.htm
99.12.04 18:14 B d:\subjektiv!\HP-subjektiv\online\ever\spacie\8-99 next try\pages\download.htm --> www.subjektiv-news.de /online/ever/spacie/8-99 next try/pages download.htm
99.12.04 18:14 B d:\subjektiv!\HP-subjektiv\online\ever\spacie\8-99 next try\pages\Home.htm --> www.subjektiv-news.de /online/ever/spacie/8-99 next try/pages Home.htm
99.12.04 18:14 B d:\subjektiv!\HP-subjektiv\online\ever\spacie\8-99 next try\pages\Homepage.htm --> www.subjektiv-news.de /online/ever/spacie/8-99 next try/pages Homepage.htm
99.12.04 18:14 B d:\subjektiv!\HP-subjektiv\online\ever\spacie\8-99 next try\pages\inframe.html --> www.subjektiv-news.de /online/ever/spacie/8-99 next try/pages inframe.html
99.12.04 18:14 B d:\subjektiv!\HP-subjektiv\online\ever\spacie\8-99 next try\pages\jochen.htm --> www.subjektiv-news.de /online/ever/spacie/8-99 next try/pages jochen.htm
99.12.04 18:14 B d:\subjektiv!\HP-subjektiv\online\ever\spacie\8-99 next try\pages\joiceframe.htm --> www.subjektiv-news.de /online/ever/spacie/8-99 next try/pages joiceframe.htm
99.12.04 18:14 B d:\subjektiv!\HP-subjektiv\online\ever\spacie\8-99 next try\pages\joicer.htm --> www.subjektiv-news.de /online/ever/spacie/8-99 next try/pages joicer.htm
99.12.04 18:14 B d:\subjektiv!\HP-subjektiv\online\ever\spacie\8-99 next try\pages\Kontakt.htm --> www.subjektiv-news.de /online/ever/spacie/8-99 next try/pages Kontakt.htm
99.12.04 18:14 B d:\subjektiv!\HP-subjektiv\online\ever\spacie\8-99 next try\pages\Kontakt2.htm --> www.subjektiv-news.de /online/ever/spacie/8-99 next try/pages Kontakt2.htm
99.12.04 18:14 B d:\subjektiv!\HP-subjektiv\online\ever\spacie\8-99 next try\pages\Kontakt3r.htm --> www.subjektiv-news.de /online/ever/spacie/8-99 next try/pages Kontakt3r.htm
99.12.04 18:15 B d:\subjektiv!\HP-subjektiv\online\ever\spacie\8-99 next try\pages\martin.htm --> www.subjektiv-news.de /online/ever/spacie/8-99 next try/pages martin.htm
99.12.04 18:15 B d:\subjektiv!\HP-subjektiv\online\ever\spacie\8-99 next try\pages\mo.htm --> www.subjektiv-news.de /online/ever/spacie/8-99 next try/pages mo.htm
99.12.04 18:15 B d:\subjektiv!\HP-subjektiv\online\ever\spacie\8-99 next try\pages\mueller.htm --> www.subjektiv-news.de /online/ever/spacie/8-99 next try/pages mueller.htm
99.12.04 18:15 B d:\subjektiv!\HP-subjektiv\online\ever\spacie\8-99 next try\pages\Pulli.txt --> www.subjektiv-news.de /online/ever/spacie/8-99 next try/pages Pulli.txt
99.12.04 18:15 B d:\subjektiv!\HP-subjektiv\online\ever\spacie\8-99 next try\pages\rand.html --> www.subjektiv-news.de /online/ever/spacie/8-99 next try/pages rand.html
99.12.04 18:15 B d:\subjektiv!\HP-subjektiv\online\ever\spacie\8-99 next try\pages\second.htm --> www.subjektiv-news.de /online/ever/spacie/8-99 next try/pages second.htm
99.12.04 18:15 B d:\subjektiv!\HP-subjektiv\online\ever\spacie\8-99 next try\pages\subjektiv.htm --> www.subjektiv-news.de /online/ever/spacie/8-99 next try/pages subjektiv.htm
99.12.04 18:15 B d:\subjektiv!\HP-subjektiv\online\ever\spacie\8-99 next try\pages\third.htm --> www.subjektiv-news.de /online/ever/spacie/8-99 next try/pages third.htm
99.12.04 18:15 B d:\subjektiv!\HP-subjektiv\online\ever\spacie\8-99 next try\pages\toph.htm --> www.subjektiv-news.de /online/ever/spacie/8-99 next try/pages toph.htm
99.12.04 18:15 B d:\subjektiv!\HP-subjektiv\online\ever\spacie\8-99 next try\pages\wahlframe.htm --> www.subjektiv-news.de /online/ever/spacie/8-99 next try/pages wahlframe.htm
99.12.04 18:15 B d:\subjektiv!\HP-subjektiv\online\ever\spacie\8-99 next try\pages\WS_FTP.LOG --> www.subjektiv-news.de /online/ever/spacie/8-99 next try/pages WS_FTP.LOG
99.12.05 12:10 B d:\subjektiv!\HP-subjektiv\online\ever\spacie\8-99 next try\pages\down1.htm --> www.subjektiv-news.de /online/ever/spacie/8-99 next try/pages down1.htm
99.12.05 12:10 B d:\subjektiv!\HP-subjektiv\online\ever\spacie\8-99 next try\pages\down2.htm --> www.subjektiv-news.de /online/ever/spacie/8-99 next try/pages down2.htm
99.12.05 12:10 B d:\subjektiv!\HP-subjektiv\online\ever\spacie\8-99 next try\pages\download.htm --> www.subjektiv-news.de /online/ever/spacie/8-99 next try/pages download.htm
99.12.05 12:10 B d:\subjektiv!\HP-subjektiv\online\ever\spacie\8-99 next try\pages\Home.htm --> www.subjektiv-news.de /online/ever/spacie/8-99 next try/pages Home.htm
99.12.05 12:10 B d:\subjektiv!\HP-subjektiv\online\ever\spacie\8-99 next try\pages\Homepage.htm --> www.subjektiv-news.de /online/ever/spacie/8-99 next try/pages Homepage.htm
99.12.05 12:10 B d:\subjektiv!\HP-subjektiv\online\ever\spacie\8-99 next try\pages\inframe.html --> www.subjektiv-news.de /online/ever/spacie/8-99 next try/pages inframe.html
99.12.05 12:10 B d:\subjektiv!\HP-subjektiv\online\ever\spacie\8-99 next try\pages\jochen.htm --> www.subjektiv-news.de /online/ever/spacie/8-99 next try/pages jochen.htm
99.12.05 12:10 B d:\subjektiv!\HP-subjektiv\online\ever\spacie\8-99 next try\pages\joiceframe.htm --> www.subjektiv-news.de /online/ever/spacie/8-99 next try/pages joiceframe.htm
99.12.05 12:10 B d:\subjektiv!\HP-subjektiv\online\ever\spacie\8-99 next try\pages\joicer.htm --> www.subjektiv-news.de /online/ever/spacie/8-99 next try/pages joicer.htm
99.12.05 12:10 B d:\subjektiv!\HP-subjektiv\online\ever\spacie\8-99 next try\pages\Kontakt.htm --> www.subjektiv-news.de /online/ever/spacie/8-99 next try/pages Kontakt.htm
99.12.05 12:11 B d:\subjektiv!\HP-subjektiv\online\ever\spacie\8-99 next try\pages\Kontakt2.htm --> www.subjektiv-news.de /online/ever/spacie/8-99 next try/pages Kontakt2.htm
99.12.05 12:11 B d:\subjektiv!\HP-subjektiv\online\ever\spacie\8-99 next try\pages\Kontakt3r.htm --> www.subjektiv-news.de /online/ever/spacie/8-99 next try/pages Kontakt3r.htm
99.12.05 12:11 B d:\subjektiv!\HP-subjektiv\online\ever\spacie\8-99 next try\pages\martin.htm --> www.subjektiv-news.de /online/ever/spacie/8-99 next try/pages martin.htm
99.12.05 12:11 B d:\subjektiv!\HP-subjektiv\online\ever\spacie\8-99 next try\pages\mo.htm --> www.subjektiv-news.de /online/ever/spacie/8-99 next try/pages mo.htm
99.12.05 12:11 B d:\subjektiv!\HP-subjektiv\online\ever\spacie\8-99 next try\pages\mueller.htm --> www.subjektiv-news.de /online/ever/spacie/8-99 next try/pages mueller.htm
99.12.05 12:11 B d:\subjektiv!\HP-subjektiv\online\ever\spacie\8-99 next try\pages\Pulli.txt --> www.subjektiv-news.de /online/ever/spacie/8-99 next try/pages Pulli.txt
99.12.05 12:11 B d:\subjektiv!\HP-subjektiv\online\ever\spacie\8-99 next try\pages\rand.html --> www.subjektiv-news.de /online/ever/spacie/8-99 next try/pages rand.html
99.12.05 12:11 B d:\subjektiv!\HP-subjektiv\online\ever\spacie\8-99 next try\pages\second.htm --> www.subjektiv-news.de /online/ever/spacie/8-99 next try/pages second.htm
99.12.05 12:11 B d:\subjektiv!\HP-subjektiv\online\ever\spacie\8-99 next try\pages\subjektiv.htm --> www.subjektiv-news.de /online/ever/spacie/8-99 next try/pages subjektiv.htm
99.12.05 12:11 B d:\subjektiv!\HP-subjektiv\online\ever\spacie\8-99 next try\pages\third.htm --> www.subjektiv-news.de /online/ever/spacie/8-99 next try/pages third.htm
99.12.05 12:11 B d:\subjektiv!\HP-subjektiv\online\ever\spacie\8-99 next try\pages\toph.htm --> www.subjektiv-news.de /online/ever/spacie/8-99 next try/pages toph.htm
99.12.05 12:11 B d:\subjektiv!\HP-subjektiv\online\ever\spacie\8-99 next try\pages\wahlframe.htm --> www.subjektiv-news.de /online/ever/spacie/8-99 next try/pages wahlframe.htm
99.12.05 12:11 B d:\subjektiv!\HP-subjektiv\online\ever\spacie\8-99 next try\pages\WS_FTP.LOG --> www.subjektiv-news.de /online/ever/spacie/8-99 next try/pages WS_FTP.LOG
99.12.17 23:42 B D:\subjektiv!\HP-subjektiv\online\ever\spacie\8-99 next try\pages\down1.htm --> www.online.de /subjektiv/online/ever/spacie/8-99 next try/pages down1.htm
99.12.17 23:42 B D:\subjektiv!\HP-subjektiv\online\ever\spacie\8-99 next try\pages\down2.htm --> www.online.de /subjektiv/online/ever/spacie/8-99 next try/pages down2.htm
99.12.17 23:42 B D:\subjektiv!\HP-subjektiv\online\ever\spacie\8-99 next try\pages\download.htm --> www.online.de /subjektiv/online/ever/spacie/8-99 next try/pages download.htm
99.12.17 23:43 B D:\subjektiv!\HP-subjektiv\online\ever\spacie\8-99 next try\pages\Home.htm --> www.online.de /subjektiv/online/ever/spacie/8-99 next try/pages Home.htm
99.12.17 23:43 B D:\subjektiv!\HP-subjektiv\online\ever\spacie\8-99 next try\pages\Homepage.htm --> www.online.de /subjektiv/online/ever/spacie/8-99 next try/pages Homepage.htm
99.12.17 23:43 B D:\subjektiv!\HP-subjektiv\online\ever\spacie\8-99 next try\pages\inframe.html --> www.online.de /subjektiv/online/ever/spacie/8-99 next try/pages inframe.html
99.12.17 23:43 B D:\subjektiv!\HP-subjektiv\online\ever\spacie\8-99 next try\pages\jochen.htm --> www.online.de /subjektiv/online/ever/spacie/8-99 next try/pages jochen.htm
99.12.17 23:43 B D:\subjektiv!\HP-subjektiv\online\ever\spacie\8-99 next try\pages\joiceframe.htm --> www.online.de /subjektiv/online/ever/spacie/8-99 next try/pages joiceframe.htm
99.12.17 23:43 B D:\subjektiv!\HP-subjektiv\online\ever\spacie\8-99 next try\pages\joicer.htm --> www.online.de /subjektiv/online/ever/spacie/8-99 next try/pages joicer.htm
99.12.17 23:43 B D:\subjektiv!\HP-subjektiv\online\ever\spacie\8-99 next try\pages\Kontakt.htm --> www.online.de /subjektiv/online/ever/spacie/8-99 next try/pages Kontakt.htm
99.12.17 23:43 B D:\subjektiv!\HP-subjektiv\online\ever\spacie\8-99 next try\pages\Kontakt2.htm --> www.online.de /subjektiv/online/ever/spacie/8-99 next try/pages Kontakt2.htm
99.12.17 23:43 B D:\subjektiv!\HP-subjektiv\online\ever\spacie\8-99 next try\pages\Kontakt3r.htm --> www.online.de /subjektiv/online/ever/spacie/8-99 next try/pages Kontakt3r.htm
99.12.17 23:43 B D:\subjektiv!\HP-subjektiv\online\ever\spacie\8-99 next try\pages\martin.htm --> www.online.de /subjektiv/online/ever/spacie/8-99 next try/pages martin.htm
99.12.17 23:43 B D:\subjektiv!\HP-subjektiv\online\ever\spacie\8-99 next try\pages\mo.htm --> www.online.de /subjektiv/online/ever/spacie/8-99 next try/pages mo.htm
99.12.17 23:43 B D:\subjektiv!\HP-subjektiv\online\ever\spacie\8-99 next try\pages\mueller.htm --> www.online.de /subjektiv/online/ever/spacie/8-99 next try/pages mueller.htm
99.12.17 23:43 A D:\subjektiv!\HP-subjektiv\online\ever\spacie\8-99 next try\pages\Pulli.txt --> www.online.de /subjektiv/online/ever/spacie/8-99 next try/pages Pulli.txt
99.12.17 23:43 B D:\subjektiv!\HP-subjektiv\online\ever\spacie\8-99 next try\pages\rand.html --> www.online.de /subjektiv/online/ever/spacie/8-99 next try/pages rand.html
99.12.17 23:43 B D:\subjektiv!\HP-subjektiv\online\ever\spacie\8-99 next try\pages\second.htm --> www.online.de /subjektiv/online/ever/spacie/8-99 next try/pages second.htm
99.12.17 23:43 B D:\subjektiv!\HP-subjektiv\online\ever\spacie\8-99 next try\pages\subjektiv.htm --> www.online.de /subjektiv/online/ever/spacie/8-99 next try/pages subjektiv.htm
99.12.17 23:43 B D:\subjektiv!\HP-subjektiv\online\ever\spacie\8-99 next try\pages\third.htm --> www.online.de /subjektiv/online/ever/spacie/8-99 next try/pages third.htm
99.12.17 23:43 B D:\subjektiv!\HP-subjektiv\online\ever\spacie\8-99 next try\pages\toph.htm --> www.online.de /subjektiv/online/ever/spacie/8-99 next try/pages toph.htm
99.12.17 23:43 B D:\subjektiv!\HP-subjektiv\online\ever\spacie\8-99 next try\pages\wahlframe.htm --> www.online.de /subjektiv/online/ever/spacie/8-99 next try/pages wahlframe.htm
99.12.17 23:43 B D:\subjektiv!\HP-subjektiv\online\ever\spacie\8-99 next try\pages\WS_FTP.LOG --> www.online.de /subjektiv/online/ever/spacie/8-99 next try/pages WS_FTP.LOG
99.12.29 23:43 B D:\subjektiv!\HP-subjektiv\online\ever\spacie\8-99 next try\pages\down1.htm --> www.subjektiv-news.de /subjektiv/online/ever/spacie/8-99 next try/pages down1.htm
99.12.29 23:43 B D:\subjektiv!\HP-subjektiv\online\ever\spacie\8-99 next try\pages\down2.htm --> www.subjektiv-news.de /subjektiv/online/ever/spacie/8-99 next try/pages down2.htm
99.12.29 23:43 B D:\subjektiv!\HP-subjektiv\online\ever\spacie\8-99 next try\pages\download.htm --> www.subjektiv-news.de /subjektiv/online/ever/spacie/8-99 next try/pages download.htm
99.12.29 23:43 B D:\subjektiv!\HP-subjektiv\online\ever\spacie\8-99 next try\pages\Home.htm --> www.subjektiv-news.de /subjektiv/online/ever/spacie/8-99 next try/pages Home.htm
99.12.29 23:43 B D:\subjektiv!\HP-subjektiv\online\ever\spacie\8-99 next try\pages\Homepage.htm --> www.subjektiv-news.de /subjektiv/online/ever/spacie/8-99 next try/pages Homepage.htm
99.12.29 23:44 B D:\subjektiv!\HP-subjektiv\online\ever\spacie\8-99 next try\pages\inframe.html --> www.subjektiv-news.de /subjektiv/online/ever/spacie/8-99 next try/pages inframe.html
99.12.29 23:44 B D:\subjektiv!\HP-subjektiv\online\ever\spacie\8-99 next try\pages\jochen.htm --> www.subjektiv-news.de /subjektiv/online/ever/spacie/8-99 next try/pages jochen.htm
99.12.29 23:44 B D:\subjektiv!\HP-subjektiv\online\ever\spacie\8-99 next try\pages\joiceframe.htm --> www.subjektiv-news.de /subjektiv/online/ever/spacie/8-99 next try/pages joiceframe.htm
99.12.29 23:44 B D:\subjektiv!\HP-subjektiv\online\ever\spacie\8-99 next try\pages\joicer.htm --> www.subjektiv-news.de /subjektiv/online/ever/spacie/8-99 next try/pages joicer.htm
99.12.29 23:44 B D:\subjektiv!\HP-subjektiv\online\ever\spacie\8-99 next try\pages\Kontakt.htm --> www.subjektiv-news.de /subjektiv/online/ever/spacie/8-99 next try/pages Kontakt.htm
99.12.29 23:44 B D:\subjektiv!\HP-subjektiv\online\ever\spacie\8-99 next try\pages\Kontakt2.htm --> www.subjektiv-news.de /subjektiv/online/ever/spacie/8-99 next try/pages Kontakt2.htm
99.12.29 23:44 B D:\subjektiv!\HP-subjektiv\online\ever\spacie\8-99 next try\pages\Kontakt3r.htm --> www.subjektiv-news.de /subjektiv/online/ever/spacie/8-99 next try/pages Kontakt3r.htm
99.12.29 23:44 B D:\subjektiv!\HP-subjektiv\online\ever\spacie\8-99 next try\pages\martin.htm --> www.subjektiv-news.de /subjektiv/online/ever/spacie/8-99 next try/pages martin.htm
99.12.29 23:44 B D:\subjektiv!\HP-subjektiv\online\ever\spacie\8-99 next try\pages\mo.htm --> www.subjektiv-news.de /subjektiv/online/ever/spacie/8-99 next try/pages mo.htm
99.12.29 23:44 B D:\subjektiv!\HP-subjektiv\online\ever\spacie\8-99 next try\pages\mueller.htm --> www.subjektiv-news.de /subjektiv/online/ever/spacie/8-99 next try/pages mueller.htm
99.12.29 23:44 A D:\subjektiv!\HP-subjektiv\online\ever\spacie\8-99 next try\pages\Pulli.txt --> www.subjektiv-news.de /subjektiv/online/ever/spacie/8-99 next try/pages Pulli.txt
99.12.29 23:44 B D:\subjektiv!\HP-subjektiv\online\ever\spacie\8-99 next try\pages\rand.html --> www.subjektiv-news.de /subjektiv/online/ever/spacie/8-99 next try/pages rand.html
99.12.29 23:44 B D:\subjektiv!\HP-subjektiv\online\ever\spacie\8-99 next try\pages\second.htm --> www.subjektiv-news.de /subjektiv/online/ever/spacie/8-99 next try/pages second.htm
99.12.29 23:44 B D:\subjektiv!\HP-subjektiv\online\ever\spacie\8-99 next try\pages\subjektiv.htm --> www.subjektiv-news.de /subjektiv/online/ever/spacie/8-99 next try/pages subjektiv.htm
99.12.29 23:44 B D:\subjektiv!\HP-subjektiv\online\ever\spacie\8-99 next try\pages\third.htm --> www.subjektiv-news.de /subjektiv/online/ever/spacie/8-99 next try/pages third.htm
99.12.29 23:44 B D:\subjektiv!\HP-subjektiv\online\ever\spacie\8-99 next try\pages\toph.htm --> www.subjektiv-news.de /subjektiv/online/ever/spacie/8-99 next try/pages toph.htm
99.12.29 23:44 B D:\subjektiv!\HP-subjektiv\online\ever\spacie\8-99 next try\pages\wahlframe.htm --> www.subjektiv-news.de /subjektiv/online/ever/spacie/8-99 next try/pages wahlframe.htm
