99.11.29 20:36 B d:\subjektiv!\HP-subjektiv\pics\subj1.gif --> www.subjektiv-news.de /pics subj1.gif
99.11.29 20:36 B d:\subjektiv!\HP-subjektiv\pics\subj2.gif --> www.subjektiv-news.de /pics subj2.gif
99.11.29 20:36 B d:\subjektiv!\HP-subjektiv\pics\subj3.gif --> www.subjektiv-news.de /pics subj3.gif
99.11.29 20:36 B d:\subjektiv!\HP-subjektiv\pics\subj4.gif --> www.subjektiv-news.de /pics subj4.gif
99.11.29 20:36 B d:\subjektiv!\HP-subjektiv\pics\subj5.gif --> www.subjektiv-news.de /pics subj5.gif
99.11.29 20:36 B d:\subjektiv!\HP-subjektiv\pics\subj6.gif --> www.subjektiv-news.de /pics subj6.gif
99.12.17 23:49 B D:\subjektiv!\HP-subjektiv\pics\subj1.gif --> www.online.de /subjektiv/pics subj1.gif
99.12.17 23:49 B D:\subjektiv!\HP-subjektiv\pics\subj2.gif --> www.online.de /subjektiv/pics subj2.gif
99.12.17 23:49 B D:\subjektiv!\HP-subjektiv\pics\subj3.gif --> www.online.de /subjektiv/pics subj3.gif
99.12.17 23:49 B D:\subjektiv!\HP-subjektiv\pics\subj4.gif --> www.online.de /subjektiv/pics subj4.gif
99.12.17 23:49 B D:\subjektiv!\HP-subjektiv\pics\subj5.gif --> www.online.de /subjektiv/pics subj5.gif
99.12.17 23:49 B D:\subjektiv!\HP-subjektiv\pics\subj6.gif --> www.online.de /subjektiv/pics subj6.gif
99.12.17 23:49 B D:\subjektiv!\HP-subjektiv\pics\WS_FTP.LOG --> www.online.de /subjektiv/pics WS_FTP.LOG
99.12.29 23:36 B D:\subjektiv!\HP-subjektiv\pics\subj1.gif --> www.subjektiv-news.de /subjektiv/pics subj1.gif
99.12.29 23:36 B D:\subjektiv!\HP-subjektiv\pics\subj2.gif --> www.subjektiv-news.de /subjektiv/pics subj2.gif
99.12.29 23:36 B D:\subjektiv!\HP-subjektiv\pics\subj3.gif --> www.subjektiv-news.de /subjektiv/pics subj3.gif
99.12.29 23:36 B D:\subjektiv!\HP-subjektiv\pics\subj4.gif --> www.subjektiv-news.de /subjektiv/pics subj4.gif
99.12.29 23:36 B D:\subjektiv!\HP-subjektiv\pics\subj5.gif --> www.subjektiv-news.de /subjektiv/pics subj5.gif
99.12.29 23:36 B D:\subjektiv!\HP-subjektiv\pics\subj6.gif --> www.subjektiv-news.de /subjektiv/pics subj6.gif
99.12.29 23:36 B D:\subjektiv!\HP-subjektiv\pics\subj7.gif --> www.subjektiv-news.de /subjektiv/pics subj7.gif
99.12.29 23:36 B D:\subjektiv!\HP-subjektiv\pics\WS_FTP.LOG --> www.subjektiv-news.de /subjektiv/pics WS_FTP.LOG
100.03.16 17:20 B D:\subjektiv!\HP-subjektiv\pics\subj8.gif --> www.subjektiv-news.de /subjektiv/pics subj8.gif
100.03.16 17:26 B D:\subjektiv!\HP-subjektiv\pics\Laser.gif --> www.subjektiv-news.de /subjektiv/pics Laser.gif
