99.11.29 20:36 B d:\subjektiv!\HP-subjektiv\pages\downs.htm --> www.subjektiv-news.de /pages downs.htm
99.11.29 20:36 B d:\subjektiv!\HP-subjektiv\pages\intro.htm --> www.subjektiv-news.de /pages intro.htm
99.11.29 20:36 B d:\subjektiv!\HP-subjektiv\pages\rand.html --> www.subjektiv-news.de /pages rand.html
99.11.29 20:59 B d:\subjektiv!\HP-subjektiv\pages\downs.htm --> www.subjektiv-news.de /pages downs.htm
99.11.29 21:06 B d:\subjektiv!\HP-subjektiv\pages\downs.htm --> www.subjektiv-news.de / downs.htm
99.11.29 21:06 B d:\subjektiv!\HP-subjektiv\pages\downs.htm --> www.subjektiv-news.de /pages downs.htm
99.11.29 21:08 B d:\subjektiv!\HP-subjektiv\pages\downs.htm --> www.subjektiv-news.de /pages downs.htm
99.11.29 21:19 B d:\subjektiv!\HP-subjektiv\pages\downs.htm --> www.subjektiv-news.de /pages downs.htm
99.11.29 21:31 B d:\subjektiv!\HP-subjektiv\pages\downs.htm --> www.subjektiv-news.de /pages downs.htm
99.11.29 21:33 B d:\subjektiv!\HP-subjektiv\pages\downs.htm --> www.subjektiv-news.de /pages downs.htm
99.11.29 21:34 B d:\subjektiv!\HP-subjektiv\pages\downs.htm --> www.subjektiv-news.de /pages downs.htm
99.11.29 21:35 B d:\subjektiv!\HP-subjektiv\pages\downs.htm --> www.subjektiv-news.de /pages downs.htm
99.11.29 21:41 B d:\subjektiv!\HP-subjektiv\pages\downs.htm --> www.subjektiv-news.de /pages downs.htm
99.11.29 21:43 B d:\subjektiv!\HP-subjektiv\pages\downs.htm --> www.subjektiv-news.de /pages downs.htm
99.12.02 20:47 B d:\subjektiv!\HP-subjektiv\pages\downs.htm --> www.subjektiv-news.de /pages downs.htm
99.12.02 20:47 B d:\subjektiv!\HP-subjektiv\pages\frame1.htm --> www.subjektiv-news.de /pages frame1.htm
99.12.02 20:47 B d:\subjektiv!\HP-subjektiv\pages\haupt1.htm --> www.subjektiv-news.de /pages haupt1.htm
99.12.02 20:47 B d:\subjektiv!\HP-subjektiv\pages\haupt2.htm --> www.subjektiv-news.de /pages haupt2.htm
99.12.02 20:47 B d:\subjektiv!\HP-subjektiv\pages\haupt3.htm --> www.subjektiv-news.de /pages haupt3.htm
99.12.02 20:47 B d:\subjektiv!\HP-subjektiv\pages\intro.htm --> www.subjektiv-news.de /pages intro.htm
99.12.02 20:47 B d:\subjektiv!\HP-subjektiv\pages\intro2.htm --> www.subjektiv-news.de /pages intro2.htm
99.12.02 20:47 B d:\subjektiv!\HP-subjektiv\pages\kontakt.htm --> www.subjektiv-news.de /pages kontakt.htm
99.12.02 20:47 B d:\subjektiv!\HP-subjektiv\pages\online.htm --> www.subjektiv-news.de /pages online.htm
99.12.02 20:47 B d:\subjektiv!\HP-subjektiv\pages\rand.html --> www.subjektiv-news.de /pages rand.html
99.12.02 20:47 B d:\subjektiv!\HP-subjektiv\pages\wahl.htm --> www.subjektiv-news.de /pages wahl.htm
99.12.02 21:10 B d:\subjektiv!\HP-subjektiv\pages\downs.htm --> www.subjektiv-news.de /pages downs.htm
99.12.02 21:10 B d:\subjektiv!\HP-subjektiv\pages\frame1.htm --> www.subjektiv-news.de /pages frame1.htm
99.12.02 21:10 B d:\subjektiv!\HP-subjektiv\pages\haupt1.htm --> www.subjektiv-news.de /pages haupt1.htm
99.12.02 21:10 B d:\subjektiv!\HP-subjektiv\pages\haupt2.htm --> www.subjektiv-news.de /pages haupt2.htm
99.12.02 21:10 B d:\subjektiv!\HP-subjektiv\pages\haupt3.htm --> www.subjektiv-news.de /pages haupt3.htm
99.12.02 21:10 B d:\subjektiv!\HP-subjektiv\pages\intro.htm --> www.subjektiv-news.de /pages intro.htm
99.12.02 21:10 B d:\subjektiv!\HP-subjektiv\pages\intro2.htm --> www.subjektiv-news.de /pages intro2.htm
99.12.02 21:10 B d:\subjektiv!\HP-subjektiv\pages\kontakt.htm --> www.subjektiv-news.de /pages kontakt.htm
99.12.02 21:10 B d:\subjektiv!\HP-subjektiv\pages\online.htm --> www.subjektiv-news.de /pages online.htm
99.12.02 21:10 B d:\subjektiv!\HP-subjektiv\pages\rand.html --> www.subjektiv-news.de /pages rand.html
99.12.02 21:10 B d:\subjektiv!\HP-subjektiv\pages\wahl.htm --> www.subjektiv-news.de /pages wahl.htm
99.12.02 21:10 B d:\subjektiv!\HP-subjektiv\pages\WS_FTP.LOG --> www.subjektiv-news.de /pages WS_FTP.LOG
99.12.04 18:00 B d:\subjektiv!\HP-subjektiv\pages\downs.htm --> www.subjektiv-news.de /pages downs.htm
99.12.04 18:00 B d:\subjektiv!\HP-subjektiv\pages\frame1.htm --> www.subjektiv-news.de /pages frame1.htm
99.12.04 18:00 B d:\subjektiv!\HP-subjektiv\pages\haupt1.htm --> www.subjektiv-news.de /pages haupt1.htm
99.12.04 18:00 B d:\subjektiv!\HP-subjektiv\pages\haupt2.htm --> www.subjektiv-news.de /pages haupt2.htm
99.12.04 18:00 B d:\subjektiv!\HP-subjektiv\pages\haupt3.htm --> www.subjektiv-news.de /pages haupt3.htm
99.12.04 18:00 B d:\subjektiv!\HP-subjektiv\pages\intro.htm --> www.subjektiv-news.de /pages intro.htm
99.12.04 18:00 B d:\subjektiv!\HP-subjektiv\pages\intro2.htm --> www.subjektiv-news.de /pages intro2.htm
99.12.04 18:00 B d:\subjektiv!\HP-subjektiv\pages\kontakt.htm --> www.subjektiv-news.de /pages kontakt.htm
99.12.04 18:00 B d:\subjektiv!\HP-subjektiv\pages\online.htm --> www.subjektiv-news.de /pages online.htm
99.12.04 18:00 B d:\subjektiv!\HP-subjektiv\pages\rand.html --> www.subjektiv-news.de /pages rand.html
99.12.04 18:00 B d:\subjektiv!\HP-subjektiv\pages\wahl.htm --> www.subjektiv-news.de /pages wahl.htm
99.12.04 18:00 B d:\subjektiv!\HP-subjektiv\pages\WS_FTP.LOG --> www.subjektiv-news.de /pages WS_FTP.LOG
99.12.04 18:11 B d:\subjektiv!\HP-subjektiv\pages\downs.htm --> www.subjektiv-news.de /pages downs.htm
99.12.04 18:11 B d:\subjektiv!\HP-subjektiv\pages\frame1.htm --> www.subjektiv-news.de /pages frame1.htm
99.12.04 18:11 B d:\subjektiv!\HP-subjektiv\pages\haupt1.htm --> www.subjektiv-news.de /pages haupt1.htm
99.12.04 18:11 B d:\subjektiv!\HP-subjektiv\pages\haupt2.htm --> www.subjektiv-news.de /pages haupt2.htm
99.12.04 18:11 B d:\subjektiv!\HP-subjektiv\pages\haupt3.htm --> www.subjektiv-news.de /pages haupt3.htm
99.12.04 18:11 B d:\subjektiv!\HP-subjektiv\pages\intro.htm --> www.subjektiv-news.de /pages intro.htm
99.12.04 18:11 B d:\subjektiv!\HP-subjektiv\pages\intro2.htm --> www.subjektiv-news.de /pages intro2.htm
99.12.04 18:11 B d:\subjektiv!\HP-subjektiv\pages\kontakt.htm --> www.subjektiv-news.de /pages kontakt.htm
99.12.04 18:11 B d:\subjektiv!\HP-subjektiv\pages\online.htm --> www.subjektiv-news.de /pages online.htm
99.12.04 18:11 B d:\subjektiv!\HP-subjektiv\pages\rand.html --> www.subjektiv-news.de /pages rand.html
99.12.04 18:11 B d:\subjektiv!\HP-subjektiv\pages\wahl.htm --> www.subjektiv-news.de /pages wahl.htm
99.12.04 18:11 B d:\subjektiv!\HP-subjektiv\pages\WS_FTP.LOG --> www.subjektiv-news.de /pages WS_FTP.LOG
99.12.05 12:12 B d:\subjektiv!\HP-subjektiv\pages\downs.htm --> www.subjektiv-news.de /pages downs.htm
99.12.05 12:12 B d:\subjektiv!\HP-subjektiv\pages\frame1.htm --> www.subjektiv-news.de /pages frame1.htm
99.12.05 12:12 B d:\subjektiv!\HP-subjektiv\pages\haupt1.htm --> www.subjektiv-news.de /pages haupt1.htm
99.12.05 12:12 B d:\subjektiv!\HP-subjektiv\pages\haupt2.htm --> www.subjektiv-news.de /pages haupt2.htm
99.12.05 12:12 B d:\subjektiv!\HP-subjektiv\pages\haupt3.htm --> www.subjektiv-news.de /pages haupt3.htm
99.12.05 12:12 B d:\subjektiv!\HP-subjektiv\pages\intro.htm --> www.subjektiv-news.de /pages intro.htm
99.12.05 12:12 B d:\subjektiv!\HP-subjektiv\pages\intro2.htm --> www.subjektiv-news.de /pages intro2.htm
99.12.05 12:13 B d:\subjektiv!\HP-subjektiv\pages\kontakt.htm --> www.subjektiv-news.de /pages kontakt.htm
99.12.05 12:13 B d:\subjektiv!\HP-subjektiv\pages\online.htm --> www.subjektiv-news.de /pages online.htm
99.12.05 12:13 B d:\subjektiv!\HP-subjektiv\pages\rand.html --> www.subjektiv-news.de /pages rand.html
99.12.05 12:13 B d:\subjektiv!\HP-subjektiv\pages\wahl.htm --> www.subjektiv-news.de /pages wahl.htm
99.12.05 12:13 B d:\subjektiv!\HP-subjektiv\pages\WS_FTP.LOG --> www.subjektiv-news.de /pages WS_FTP.LOG
99.12.05 12:24 B d:\subjektiv!\HP-subjektiv\pages\online.htm --> www.subjektiv-news.de /pages online.htm
99.12.05 12:45 B d:\subjektiv!\HP-subjektiv\pages\intro.htm --> www.subjektiv-news.de /pages intro.htm
99.12.05 12:45 B d:\subjektiv!\HP-subjektiv\pages\intro2.htm --> www.subjektiv-news.de /pages intro2.htm
99.12.05 12:58 B d:\subjektiv!\HP-subjektiv\pages\downs.htm --> www.subjektiv-news.de /pages downs.htm
99.12.05 12:58 B d:\subjektiv!\HP-subjektiv\pages\frame1.htm --> www.subjektiv-news.de /pages frame1.htm
99.12.05 12:58 B d:\subjektiv!\HP-subjektiv\pages\haupt1.htm --> www.subjektiv-news.de /pages haupt1.htm
99.12.05 12:58 B d:\subjektiv!\HP-subjektiv\pages\haupt2.htm --> www.subjektiv-news.de /pages haupt2.htm
99.12.05 12:58 B d:\subjektiv!\HP-subjektiv\pages\haupt3.htm --> www.subjektiv-news.de /pages haupt3.htm
99.12.05 12:58 B d:\subjektiv!\HP-subjektiv\pages\intro.htm --> www.subjektiv-news.de /pages intro.htm
99.12.05 12:58 B d:\subjektiv!\HP-subjektiv\pages\intro2.htm --> www.subjektiv-news.de /pages intro2.htm
99.12.05 12:58 B d:\subjektiv!\HP-subjektiv\pages\kontakt.htm --> www.subjektiv-news.de /pages kontakt.htm
99.12.05 12:58 B d:\subjektiv!\HP-subjektiv\pages\online.htm --> www.subjektiv-news.de /pages online.htm
99.12.05 12:58 B d:\subjektiv!\HP-subjektiv\pages\rand.html --> www.subjektiv-news.de /pages rand.html
99.12.05 12:58 B d:\subjektiv!\HP-subjektiv\pages\wahl.htm --> www.subjektiv-news.de /pages wahl.htm
99.12.05 12:58 B d:\subjektiv!\HP-subjektiv\pages\WS_FTP.LOG --> www.subjektiv-news.de /pages WS_FTP.LOG
99.12.05 13:01 B d:\subjektiv!\HP-subjektiv\pages\intro.htm --> www.subjektiv-news.de /pages intro.htm
99.12.05 13:04 B d:\subjektiv!\HP-subjektiv\pages\intro.htm --> www.subjektiv-news.de /pages intro.htm
99.12.05 13:06 B d:\subjektiv!\HP-subjektiv\pages\intro.htm --> www.subjektiv-news.de /pages intro.htm
99.12.05 17:27 B d:\subjektiv!\HP-subjektiv\pages\online.htm --> www.subjektiv-news.de /pages online.htm
99.12.05 17:27 B d:\subjektiv!\HP-subjektiv\pages\intro.htm --> www.subjektiv-news.de /pages intro.htm
99.12.05 17:35 B d:\subjektiv!\HP-subjektiv\pages\intro.htm --> www.subjektiv-news.de /pages intro.htm
99.12.05 17:51 B d:\subjektiv!\HP-subjektiv\pages\online.htm --> www.subjektiv-news.de /pages online.htm
99.12.05 18:38 B d:\subjektiv!\HP-subjektiv\pages\downs.htm --> www.subjektiv-news.de /pages downs.htm
99.12.11 17:37 B d:\subjektiv!\HP-subjektiv\pages\online.htm --> www.subjektiv-news.de /pages online.htm
99.12.11 17:37 B d:\subjektiv!\HP-subjektiv\pages\intro.htm --> www.subjektiv-news.de /pages intro.htm
99.12.11 17:38 B d:\subjektiv!\HP-subjektiv\pages\online.htm --> www.subjektiv-news.de /pages online.htm
99.12.17 23:49 B D:\subjektiv!\HP-subjektiv\pages\downs.htm --> www.online.de /subjektiv/pages downs.htm
99.12.17 23:49 B D:\subjektiv!\HP-subjektiv\pages\frame1.htm --> www.online.de /subjektiv/pages frame1.htm
99.12.17 23:49 B D:\subjektiv!\HP-subjektiv\pages\haupt1.htm --> www.online.de /subjektiv/pages haupt1.htm
99.12.17 23:49 B D:\subjektiv!\HP-subjektiv\pages\haupt2.htm --> www.online.de /subjektiv/pages haupt2.htm
99.12.17 23:49 B D:\subjektiv!\HP-subjektiv\pages\haupt3.htm --> www.online.de /subjektiv/pages haupt3.htm
99.12.17 23:49 B D:\subjektiv!\HP-subjektiv\pages\intro.htm --> www.online.de /subjektiv/pages intro.htm
99.12.17 23:49 B D:\subjektiv!\HP-subjektiv\pages\kontakt.htm --> www.online.de /subjektiv/pages kontakt.htm
99.12.17 23:49 B D:\subjektiv!\HP-subjektiv\pages\online.htm --> www.online.de /subjektiv/pages online.htm
99.12.17 23:49 B D:\subjektiv!\HP-subjektiv\pages\rand.html --> www.online.de /subjektiv/pages rand.html
99.12.17 23:49 B D:\subjektiv!\HP-subjektiv\pages\wahl.htm --> www.online.de /subjektiv/pages wahl.htm
99.12.17 23:49 B D:\subjektiv!\HP-subjektiv\pages\WS_FTP.LOG --> www.online.de /subjektiv/pages WS_FTP.LOG
99.12.29 23:36 B D:\subjektiv!\HP-subjektiv\pages\downs.htm --> www.subjektiv-news.de /subjektiv/pages downs.htm
99.12.29 23:36 B D:\subjektiv!\HP-subjektiv\pages\frame1.htm --> www.subjektiv-news.de /subjektiv/pages frame1.htm
99.12.29 23:36 B D:\subjektiv!\HP-subjektiv\pages\haupt1.htm --> www.subjektiv-news.de /subjektiv/pages haupt1.htm
99.12.29 23:36 B D:\subjektiv!\HP-subjektiv\pages\haupt2.htm --> www.subjektiv-news.de /subjektiv/pages haupt2.htm
99.12.29 23:36 B D:\subjektiv!\HP-subjektiv\pages\haupt3.htm --> www.subjektiv-news.de /subjektiv/pages haupt3.htm
99.12.29 23:36 B D:\subjektiv!\HP-subjektiv\pages\intro.htm --> www.subjektiv-news.de /subjektiv/pages intro.htm
99.12.29 23:36 B D:\subjektiv!\HP-subjektiv\pages\kontakt.htm --> www.subjektiv-news.de /subjektiv/pages kontakt.htm
99.12.29 23:36 B D:\subjektiv!\HP-subjektiv\pages\online.htm --> www.subjektiv-news.de /subjektiv/pages online.htm
99.12.29 23:36 B D:\subjektiv!\HP-subjektiv\pages\rand.html --> www.subjektiv-news.de /subjektiv/pages rand.html
99.12.29 23:36 B D:\subjektiv!\HP-subjektiv\pages\wahl.htm --> www.subjektiv-news.de /subjektiv/pages wahl.htm
99.12.29 23:36 B D:\subjektiv!\HP-subjektiv\pages\WS_FTP.LOG --> www.subjektiv-news.de /subjektiv/pages WS_FTP.LOG
100.03.16 17:20 B D:\subjektiv!\HP-subjektiv\pages\downs.htm --> www.subjektiv-news.de /subjektiv/pages downs.htm
100.06.01 15:45 B D:\subjektiv!\HP-subjektiv\pages\downs.htm --> www.subjektiv-news.de /subjektiv/pages downs.htm
100.06.01 15:45 B D:\subjektiv!\HP-subjektiv\pages\frame1.htm --> www.subjektiv-news.de /subjektiv/pages frame1.htm
100.06.01 15:45 B D:\subjektiv!\HP-subjektiv\pages\haupt1.htm --> www.subjektiv-news.de /subjektiv/pages haupt1.htm
100.06.01 15:45 B D:\subjektiv!\HP-subjektiv\pages\haupt2.htm --> www.subjektiv-news.de /subjektiv/pages haupt2.htm
100.06.01 15:45 B D:\subjektiv!\HP-subjektiv\pages\haupt3.htm --> www.subjektiv-news.de /subjektiv/pages haupt3.htm
100.06.01 15:46 B D:\subjektiv!\HP-subjektiv\pages\intro.htm --> www.subjektiv-news.de /subjektiv/pages intro.htm
100.06.01 15:46 B D:\subjektiv!\HP-subjektiv\pages\kontakt.htm --> www.subjektiv-news.de /subjektiv/pages kontakt.htm
100.06.01 15:46 B D:\subjektiv!\HP-subjektiv\pages\online.htm --> www.subjektiv-news.de /subjektiv/pages online.htm
100.06.01 15:46 B D:\subjektiv!\HP-subjektiv\pages\rand.html --> www.subjektiv-news.de /subjektiv/pages rand.html
100.06.01 15:46 B D:\subjektiv!\HP-subjektiv\pages\wahl.htm --> www.subjektiv-news.de /subjektiv/pages wahl.htm
100.06.01 15:46 B D:\subjektiv!\HP-subjektiv\pages\WS_FTP.LOG --> www.subjektiv-news.de /subjektiv/pages WS_FTP.LOG
100.06.06 15:08 B D:\subjektiv!\HP-subjektiv\pages\downs.htm --> www.subjektiv-news.de /subjektiv/pages downs.htm
100.06.06 15:08 B D:\subjektiv!\HP-subjektiv\pages\frame1.htm --> www.subjektiv-news.de /subjektiv/pages frame1.htm
100.06.06 15:08 B D:\subjektiv!\HP-subjektiv\pages\haupt1.htm --> www.subjektiv-news.de /subjektiv/pages haupt1.htm
100.06.06 15:08 B D:\subjektiv!\HP-subjektiv\pages\haupt2.htm --> www.subjektiv-news.de /subjektiv/pages haupt2.htm
100.06.06 15:08 B D:\subjektiv!\HP-subjektiv\pages\haupt3.htm --> www.subjektiv-news.de /subjektiv/pages haupt3.htm
100.06.06 15:08 B D:\subjektiv!\HP-subjektiv\pages\intro.htm --> www.subjektiv-news.de /subjektiv/pages intro.htm
100.06.06 15:08 B D:\subjektiv!\HP-subjektiv\pages\kontakt.htm --> www.subjektiv-news.de /subjektiv/pages kontakt.htm
100.06.06 15:08 B D:\subjektiv!\HP-subjektiv\pages\online.htm --> www.subjektiv-news.de /subjektiv/pages online.htm
100.06.06 15:08 B D:\subjektiv!\HP-subjektiv\pages\rand.html --> www.subjektiv-news.de /subjektiv/pages rand.html
100.06.06 15:08 B D:\subjektiv!\HP-subjektiv\pages\wahl.htm --> www.subjektiv-news.de /subjektiv/pages wahl.htm
